[2023-07-17 09:59:55.468995] [0x00007ff8541e24c0] [info]  anysign for pc start
[2023-07-17 09:59:55.469179] [0x00007ff8541e24c0] [info]  privilege infomation : minjujeong
[2023-07-17 09:59:55.554188] [0x00007ff8541e24c0] [info]  anysign.no_tls_webcrypto_server : no tls / webcrypto socket
[2023-07-17 09:59:55.554911] [0x00007ff8541e24c0] [info]  dynamic assign no tls port : 55009
[2023-07-17 09:59:55.555051] [0x00007ff8541e24c0] [info]  anysign.tls_server : tls socket
[2023-07-17 09:59:55.560312] [0x00007ff8541e24c0] [info]  dynamic assign tls port : 55010
[2023-07-17 09:59:55.958080] [0x0000700007758000] [info]  websocket.transfer.endpoint.handle_accepterror : 00000022, message : Invalid argument
[2023-07-17 09:59:55.958195] [0x0000700007758000] [info]  handle_accept error : 00000003, message : underlying transport error
[2023-07-17 09:59:55.958190] [0x0000700007652000] [info]  error getting remote endpoint: system:22 (Invalid argument)
[2023-07-17 09:59:55.958176] [0x0000700007652000] [info]  handle_accept. remote info : unknown
[2023-07-17 09:59:55.958279] [0x0000700007652000] [info]  websocket handshake complete measurement point
[2023-07-17 09:59:55.958405] [0x0000700007652000] [error]  websocket.connection.handle_read_handshake error : 00000006, message : pass through from socket policy
[2023-07-17 09:59:55.958452] [0x0000700007652000] [info]  anysign.base_server.handle_fail
[2023-07-17 09:59:55.958510] [0x0000700007652000] [info]  websocket handshake complete elapsed time : 0 ms
[2023-07-17 09:59:55.962580] [0x0000700007758000] [info]  handle_async_shutdown error : 336462100, message : uninitialized
[2023-07-17 09:59:55.962618] [0x0000700007758000] [info]  websocket.connection.handle_terminate error : 00000014, message : generic tls related error
[2023-07-17 09:59:55.962635] [0x0000700007758000] [info]  anysign.base_server.handle_fail
[2023-07-17 09:59:55.962654] [0x0000700007758000] [info]  handle_accept. remote info : 127.0.0.1:57592
[2023-07-17 09:59:55.962677] [0x0000700007758000] [info]  websocket handshake complete measurement point
[2023-07-17 09:59:55.971884] [0x0000700007758000] [info]  websocket handshake complete elapsed time : 9 ms
[2023-07-17 09:59:55.971932] [0x0000700007758000] [info]  anysign.base_server native origin : www.iros.go.kr
[2023-07-17 09:59:55.971952] [0x0000700007758000] [info]  anysign.base_server.handle_open index : 1, remote info : 127.0.0.1:57592
[2023-07-17 09:59:55.973193] [0x0000700007758000] [info]  websocket.connection.handle_read_frame complete recv frame data. opcode : 00000001
[2023-07-17 09:59:55.973231] [0x0000700007758000] [info]  anysign.base_server.jsonp_handle_input index : 1, data length : 9705
[2023-07-17 09:59:55.973684] [0x0000700007758000] [info]  anysign.base_server.native_create_by_websession native create (session:www.iros.go.kr,id:1,ref:1)
[2023-07-17 09:59:55.973720] [0x0000700007758000] [info]  native_check_version measurement point
[2023-07-17 09:59:55.973740] [0x0000700007758000] [info]  native_check_version ret : 00000000, elapsed time : 0 ms
[2023-07-17 09:59:55.973778] [0x0000700007758000] [info]  native_put_license_n measurement point
[2023-07-17 09:59:55.978064] [0x0000700007758000] [info]  native_put_license_n ret : 00000000, elapsed time : 4 ms
[2023-07-17 09:59:55.978101] [0x0000700007758000] [info]  native_put_license2_n measurement point
[2023-07-17 09:59:55.982446] [0x0000700007758000] [info]  native_put_license2_n ret : 00000000, elapsed time : 4 ms
[2023-07-17 09:59:55.982485] [0x0000700007758000] [info]  native_put_storage_n measurement point
[2023-07-17 09:59:55.982508] [0x0000700007758000] [info]  native_put_storage_n ret : 00000000, elapsed time : 0 ms
[2023-07-17 09:59:55.982528] [0x0000700007758000] [info]  native_put_language_n measurement point
[2023-07-17 09:59:55.983097] [0x0000700007758000] [info]  native_put_language_n ret : 00000000, elapsed time : 0 ms
[2023-07-17 09:59:55.983135] [0x0000700007758000] [info]  native_put_char_set_n measurement point
[2023-07-17 09:59:55.983165] [0x0000700007758000] [info]  native_put_char_set_n ret : 00000000, elapsed time : 0 ms
[2023-07-17 09:59:55.983198] [0x0000700007758000] [info]  native_put_proxy_usage_n measurement point
[2023-07-17 09:59:55.983218] [0x0000700007758000] [info]  native_put_proxy_usage_n ret : 00000000, elapsed time : 0 ms
[2023-07-17 09:59:55.983235] [0x0000700007758000] [info]  native_put_transkey_n measurement point
[2023-07-17 09:59:55.983252] [0x0000700007758000] [info]  native_put_transkey_n ret : 00000000, elapsed time : 0 ms
[2023-07-17 10:00:26.332578] [0x0000700007758000] [info]  websocket.connection.handle_read_frame complete recv frame data. opcode : 00000008
[2023-07-17 10:00:26.333112] [0x0000700007758000] [error]  websocket.connection.handle_read_frame error : 00000011, message : tls short read
[2023-07-17 10:00:26.333373] [0x0000700007758000] [info]  transport.connection.handle_async_write error : 336396495, message : protocol is shutdown
[2023-07-17 10:00:26.333420] [0x0000700007758000] [fatal]  websocket.connection.handle_write_frame error : 00000003, message : underlying transport error
[2023-07-17 10:00:26.333479] [0x0000700007758000] [info]  handle_async_shutdown error : 00000054, message : Connection reset by peer
[2023-07-17 10:00:26.333525] [0x0000700007758000] [info]  websocket.connection.handle_terminate error : 00000003, message : underlying transport error
[2023-07-17 10:00:26.333571] [0x0000700007758000] [info]  anysign.base_server.handle_close. session id : 1, session ref : 0
[2023-07-17 10:00:26.333650] [0x0000700007758000] [info]  native delete measurement point
[2023-07-17 10:00:26.333681] [0x0000700007758000] [info]  native delete elapsed time : 0 ms
[2023-07-17 10:00:26.333701] [0x0000700007758000] [info]  anysign.base_server.handle_close. index : 1, remote info : 127.0.0.1:57592
[2023-07-17 10:00:27.032946] [0x0000700007758000] [info]  handle_accept. remote info : 127.0.0.1:57620
[2023-07-17 10:00:27.033031] [0x0000700007758000] [info]  websocket handshake complete measurement point
[2023-07-17 10:00:27.043597] [0x0000700007758000] [info]  websocket handshake complete elapsed time : 10 ms
[2023-07-17 10:00:27.043725] [0x0000700007758000] [info]  anysign.base_server native origin : www.iros.go.kr
[2023-07-17 10:00:27.043752] [0x0000700007758000] [info]  anysign.base_server.handle_open index : 1, remote info : 127.0.0.1:57620
[2023-07-17 10:00:27.045170] [0x0000700007758000] [info]  websocket.connection.handle_read_frame complete recv frame data. opcode : 00000001
[2023-07-17 10:00:27.045229] [0x0000700007758000] [info]  anysign.base_server.jsonp_handle_input index : 1, data length : 9705
[2023-07-17 10:00:27.045644] [0x0000700007758000] [info]  anysign.base_server.native_create_by_websession native create (session:www.iros.go.kr,id:1,ref:1)
[2023-07-17 10:00:27.045719] [0x0000700007758000] [info]  native_check_version measurement point
[2023-07-17 10:00:27.045741] [0x0000700007758000] [info]  native_check_version ret : 00000000, elapsed time : 0 ms
[2023-07-17 10:00:27.045768] [0x0000700007758000] [info]  native_put_license_n measurement point
[2023-07-17 10:00:27.048877] [0x0000700007758000] [info]  native_put_license_n ret : 00000000, elapsed time : 3 ms
[2023-07-17 10:00:27.048935] [0x0000700007758000] [info]  native_put_license2_n measurement point
[2023-07-17 10:00:27.052743] [0x0000700007758000] [info]  native_put_license2_n ret : 00000000, elapsed time : 3 ms
[2023-07-17 10:00:27.052799] [0x0000700007758000] [info]  native_put_storage_n measurement point
[2023-07-17 10:00:27.052825] [0x0000700007758000] [info]  native_put_storage_n ret : 00000000, elapsed time : 0 ms
[2023-07-17 10:00:27.052847] [0x0000700007758000] [info]  native_put_language_n measurement point
[2023-07-17 10:00:27.053432] [0x0000700007758000] [info]  native_put_language_n ret : 00000000, elapsed time : 0 ms
[2023-07-17 10:00:27.053469] [0x0000700007758000] [info]  native_put_char_set_n measurement point
[2023-07-17 10:00:27.053495] [0x0000700007758000] [info]  native_put_char_set_n ret : 00000000, elapsed time : 0 ms
[2023-07-17 10:00:27.053517] [0x0000700007758000] [info]  native_put_proxy_usage_n measurement point
[2023-07-17 10:00:27.053555] [0x0000700007758000] [info]  native_put_proxy_usage_n ret : 00000000, elapsed time : 0 ms
[2023-07-17 10:00:27.053574] [0x0000700007758000] [info]  native_put_transkey_n measurement point
[2023-07-17 10:00:27.053592] [0x0000700007758000] [info]  native_put_transkey_n ret : 00000000, elapsed time : 0 ms
[2023-07-17 10:00:36.409306] [0x0000700007758000] [info]  websocket.connection.handle_read_frame complete recv frame data. opcode : 00000008
[2023-07-17 10:00:36.409685] [0x0000700007758000] [error]  websocket.connection.handle_read_frame error : 00000011, message : tls short read
[2023-07-17 10:00:36.409891] [0x0000700007758000] [info]  transport.connection.handle_async_write error : 336396495, message : protocol is shutdown
[2023-07-17 10:00:36.409941] [0x0000700007758000] [fatal]  websocket.connection.handle_write_frame error : 00000003, message : underlying transport error
[2023-07-17 10:00:36.410008] [0x0000700007758000] [info]  handle_async_shutdown error : 00000054, message : Connection reset by peer
[2023-07-17 10:00:36.410033] [0x0000700007758000] [info]  websocket.connection.handle_terminate error : 00000003, message : underlying transport error
[2023-07-17 10:00:36.410057] [0x0000700007758000] [info]  anysign.base_server.handle_close. session id : 1, session ref : 0
[2023-07-17 10:00:36.410079] [0x0000700007758000] [info]  native delete measurement point
[2023-07-17 10:00:36.410103] [0x0000700007758000] [info]  native delete elapsed time : 0 ms
[2023-07-17 10:00:36.410121] [0x0000700007758000] [info]  anysign.base_server.handle_close. index : 1, remote info : 127.0.0.1:57620
[2023-07-17 10:00:36.950081] [0x0000700007758000] [info]  handle_accept. remote info : 127.0.0.1:57634
[2023-07-17 10:00:36.950261] [0x0000700007758000] [info]  websocket handshake complete measurement point
[2023-07-17 10:00:36.960002] [0x0000700007758000] [info]  websocket handshake complete elapsed time : 9 ms
[2023-07-17 10:00:36.960080] [0x0000700007758000] [info]  anysign.base_server native origin : www.iros.go.kr
[2023-07-17 10:00:36.960100] [0x0000700007758000] [info]  anysign.base_server.handle_open index : 1, remote info : 127.0.0.1:57634
[2023-07-17 10:00:36.961563] [0x0000700007758000] [info]  websocket.connection.handle_read_frame complete recv frame data. opcode : 00000001
[2023-07-17 10:00:36.961618] [0x0000700007758000] [info]  anysign.base_server.jsonp_handle_input index : 1, data length : 9705
[2023-07-17 10:00:36.961955] [0x0000700007758000] [info]  anysign.base_server.native_create_by_websession native create (session:www.iros.go.kr,id:1,ref:1)
[2023-07-17 10:00:36.961981] [0x0000700007758000] [info]  native_check_version measurement point
[2023-07-17 10:00:36.961998] [0x0000700007758000] [info]  native_check_version ret : 00000000, elapsed time : 0 ms
[2023-07-17 10:00:36.962023] [0x0000700007758000] [info]  native_put_license_n measurement point
[2023-07-17 10:00:36.964686] [0x0000700007758000] [info]  native_put_license_n ret : 00000000, elapsed time : 2 ms
[2023-07-17 10:00:36.964740] [0x0000700007758000] [info]  native_put_license2_n measurement point
[2023-07-17 10:00:36.968171] [0x0000700007758000] [info]  native_put_license2_n ret : 00000000, elapsed time : 3 ms
[2023-07-17 10:00:36.968227] [0x0000700007758000] [info]  native_put_storage_n measurement point
[2023-07-17 10:00:36.968253] [0x0000700007758000] [info]  native_put_storage_n ret : 00000000, elapsed time : 0 ms
[2023-07-17 10:00:36.968274] [0x0000700007758000] [info]  native_put_language_n measurement point
[2023-07-17 10:00:36.968799] [0x0000700007758000] [info]  native_put_language_n ret : 00000000, elapsed time : 0 ms
[2023-07-17 10:00:36.968830] [0x0000700007758000] [info]  native_put_char_set_n measurement point
[2023-07-17 10:00:36.968853] [0x0000700007758000] [info]  native_put_char_set_n ret : 00000000, elapsed time : 0 ms
[2023-07-17 10:00:36.968874] [0x0000700007758000] [info]  native_put_proxy_usage_n measurement point
[2023-07-17 10:00:36.968896] [0x0000700007758000] [info]  native_put_proxy_usage_n ret : 00000000, elapsed time : 0 ms
[2023-07-17 10:00:36.968925] [0x0000700007758000] [info]  native_put_transkey_n measurement point
[2023-07-17 10:00:36.968944] [0x0000700007758000] [info]  native_put_transkey_n ret : 00000000, elapsed time : 0 ms
[2023-07-17 10:00:44.425607] [0x0000700007758000] [info]  websocket.connection.handle_read_frame complete recv frame data. opcode : 00000001
[2023-07-17 10:00:44.425668] [0x0000700007758000] [info]  anysign.base_server.jsonp_handle_input index : 1, data length : 1882
[2023-07-17 10:00:44.425794] [0x0000700007758000] [info]  native_block_enc_2 measurement point
[2023-07-17 10:00:44.632151] [0x0000700007758000] [info]  native_block_enc_2 ret : 00000000, elapsed time : 206 ms
[2023-07-17 10:00:44.633071] [0x0000700007758000] [info]  websocket.connection.handle_read_frame complete recv frame data. opcode : 00000001
[2023-07-17 10:00:44.633103] [0x0000700007758000] [info]  anysign.base_server.jsonp_handle_input index : 1, data length : 365
[2023-07-17 10:00:44.633192] [0x0000700007758000] [info]  native_block_enc_2 measurement point
[2023-07-17 10:00:44.708988] [0x0000700007758000] [info]  native_block_enc_2 ret : 00000000, elapsed time : 75 ms
[2023-07-17 10:00:44.853702] [0x0000700007758000] [info]  websocket.connection.handle_read_frame complete recv frame data. opcode : 00000008
[2023-07-17 10:00:44.853835] [0x0000700007758000] [error]  websocket.connection.handle_read_frame error : 00000011, message : tls short read
[2023-07-17 10:00:44.853979] [0x0000700007758000] [info]  transport.connection.handle_async_write error : 336396495, message : protocol is shutdown
[2023-07-17 10:00:44.854025] [0x0000700007758000] [fatal]  websocket.connection.handle_write_frame error : 00000003, message : underlying transport error
[2023-07-17 10:00:44.854080] [0x0000700007758000] [info]  handle_async_shutdown error : 00000054, message : Connection reset by peer
[2023-07-17 10:00:44.854111] [0x0000700007758000] [info]  websocket.connection.handle_terminate error : 00000003, message : underlying transport error
[2023-07-17 10:00:44.854138] [0x0000700007758000] [info]  anysign.base_server.handle_close. session id : 1, session ref : 0
[2023-07-17 10:00:44.854165] [0x0000700007758000] [info]  native delete measurement point
[2023-07-17 10:00:44.854182] [0x0000700007758000] [info]  native delete elapsed time : 0 ms
[2023-07-17 10:00:44.854196] [0x0000700007758000] [info]  anysign.base_server.handle_close. index : 1, remote info : 127.0.0.1:57634
[2023-07-17 10:00:45.237408] [0x0000700007758000] [info]  handle_accept. remote info : 127.0.0.1:57645
[2023-07-17 10:00:45.237471] [0x0000700007758000] [info]  websocket handshake complete measurement point
[2023-07-17 10:00:45.247185] [0x0000700007758000] [info]  websocket handshake complete elapsed time : 9 ms
[2023-07-17 10:00:45.247273] [0x0000700007758000] [info]  anysign.base_server native origin : www.iros.go.kr
[2023-07-17 10:00:45.247294] [0x0000700007758000] [info]  anysign.base_server.handle_open index : 1, remote info : 127.0.0.1:57645
[2023-07-17 10:00:45.248893] [0x0000700007758000] [info]  websocket.connection.handle_read_frame complete recv frame data. opcode : 00000001
[2023-07-17 10:00:45.248928] [0x0000700007758000] [info]  anysign.base_server.jsonp_handle_input index : 1, data length : 9705
[2023-07-17 10:00:45.249266] [0x0000700007758000] [info]  anysign.base_server.native_create_by_websession native create (session:www.iros.go.kr,id:1,ref:1)
[2023-07-17 10:00:45.249288] [0x0000700007758000] [info]  native_check_version measurement point
[2023-07-17 10:00:45.249303] [0x0000700007758000] [info]  native_check_version ret : 00000000, elapsed time : 0 ms
[2023-07-17 10:00:45.249322] [0x0000700007758000] [info]  native_put_license_n measurement point
[2023-07-17 10:00:45.251579] [0x0000700007758000] [info]  native_put_license_n ret : 00000000, elapsed time : 2 ms
[2023-07-17 10:00:45.251609] [0x0000700007758000] [info]  native_put_license2_n measurement point
[2023-07-17 10:00:45.254378] [0x0000700007758000] [info]  native_put_license2_n ret : 00000000, elapsed time : 2 ms
[2023-07-17 10:00:45.254429] [0x0000700007758000] [info]  native_put_storage_n measurement point
[2023-07-17 10:00:45.254452] [0x0000700007758000] [info]  native_put_storage_n ret : 00000000, elapsed time : 0 ms
[2023-07-17 10:00:45.254471] [0x0000700007758000] [info]  native_put_language_n measurement point
[2023-07-17 10:00:45.254695] [0x0000700007758000] [info]  native_put_language_n ret : 00000000, elapsed time : 0 ms
[2023-07-17 10:00:45.254720] [0x0000700007758000] [info]  native_put_char_set_n measurement point
[2023-07-17 10:00:45.254739] [0x0000700007758000] [info]  native_put_char_set_n ret : 00000000, elapsed time : 0 ms
[2023-07-17 10:00:45.254756] [0x0000700007758000] [info]  native_put_proxy_usage_n measurement point
[2023-07-17 10:00:45.254774] [0x0000700007758000] [info]  native_put_proxy_usage_n ret : 00000000, elapsed time : 0 ms
[2023-07-17 10:00:45.254790] [0x0000700007758000] [info]  native_put_transkey_n measurement point
[2023-07-17 10:00:45.254807] [0x0000700007758000] [info]  native_put_transkey_n ret : 00000000, elapsed time : 0 ms
[2023-07-17 10:00:56.451631] [0x0000700007758000] [info]  websocket.connection.handle_read_frame complete recv frame data. opcode : 00000001
[2023-07-17 10:00:56.451693] [0x0000700007758000] [info]  anysign.base_server.jsonp_handle_input index : 1, data length : 1874
[2023-07-17 10:00:56.451847] [0x0000700007758000] [info]  native_block_enc_2 measurement point
[2023-07-17 10:00:56.585366] [0x0000700007758000] [info]  native_block_enc_2 ret : 00000000, elapsed time : 133 ms
[2023-07-17 10:00:56.586886] [0x0000700007758000] [info]  websocket.connection.handle_read_frame complete recv frame data. opcode : 00000001
[2023-07-17 10:00:56.586937] [0x0000700007758000] [info]  anysign.base_server.jsonp_handle_input index : 1, data length : 587
[2023-07-17 10:00:56.587065] [0x0000700007758000] [info]  native_block_enc_2 measurement point
[2023-07-17 10:00:56.663524] [0x0000700007758000] [info]  native_block_enc_2 ret : 00000000, elapsed time : 76 ms
[2023-07-17 10:00:56.833756] [0x0000700007758000] [info]  websocket.connection.handle_read_frame complete recv frame data. opcode : 00000008
[2023-07-17 10:00:56.833899] [0x0000700007758000] [error]  websocket.connection.handle_read_frame error : 00000011, message : tls short read
[2023-07-17 10:00:56.834014] [0x0000700007758000] [info]  transport.connection.handle_async_write error : 336396495, message : protocol is shutdown
[2023-07-17 10:00:56.834044] [0x0000700007758000] [fatal]  websocket.connection.handle_write_frame error : 00000003, message : underlying transport error
[2023-07-17 10:00:56.834085] [0x0000700007758000] [info]  handle_async_shutdown error : 00000054, message : Connection reset by peer
[2023-07-17 10:00:56.834111] [0x0000700007758000] [info]  websocket.connection.handle_terminate error : 00000003, message : underlying transport error
[2023-07-17 10:00:56.834132] [0x0000700007758000] [info]  anysign.base_server.handle_close. session id : 1, session ref : 0
[2023-07-17 10:00:56.834151] [0x0000700007758000] [info]  native delete measurement point
[2023-07-17 10:00:56.834166] [0x0000700007758000] [info]  native delete elapsed time : 0 ms
[2023-07-17 10:00:56.834178] [0x0000700007758000] [info]  anysign.base_server.handle_close. index : 1, remote info : 127.0.0.1:57645
[2023-07-17 10:00:57.285982] [0x0000700007758000] [info]  handle_accept. remote info : 127.0.0.1:57654
[2023-07-17 10:00:57.286229] [0x0000700007758000] [info]  websocket handshake complete measurement point
[2023-07-17 10:00:57.295625] [0x0000700007758000] [info]  websocket handshake complete elapsed time : 9 ms
[2023-07-17 10:00:57.295682] [0x0000700007758000] [info]  anysign.base_server native origin : www.iros.go.kr
[2023-07-17 10:00:57.295701] [0x0000700007758000] [info]  anysign.base_server.handle_open index : 1, remote info : 127.0.0.1:57654
[2023-07-17 10:00:57.296975] [0x0000700007758000] [info]  websocket.connection.handle_read_frame complete recv frame data. opcode : 00000001
[2023-07-17 10:00:57.297016] [0x0000700007758000] [info]  anysign.base_server.jsonp_handle_input index : 1, data length : 9705
[2023-07-17 10:00:57.297403] [0x0000700007758000] [info]  anysign.base_server.native_create_by_websession native create (session:www.iros.go.kr,id:1,ref:1)
[2023-07-17 10:00:57.297427] [0x0000700007758000] [info]  native_check_version measurement point
[2023-07-17 10:00:57.297442] [0x0000700007758000] [info]  native_check_version ret : 00000000, elapsed time : 0 ms
[2023-07-17 10:00:57.297480] [0x0000700007758000] [info]  native_put_license_n measurement point
[2023-07-17 10:00:57.299791] [0x0000700007758000] [info]  native_put_license_n ret : 00000000, elapsed time : 2 ms
[2023-07-17 10:00:57.299821] [0x0000700007758000] [info]  native_put_license2_n measurement point
[2023-07-17 10:00:57.303695] [0x0000700007758000] [info]  native_put_license2_n ret : 00000000, elapsed time : 3 ms
[2023-07-17 10:00:57.303731] [0x0000700007758000] [info]  native_put_storage_n measurement point
[2023-07-17 10:00:57.303755] [0x0000700007758000] [info]  native_put_storage_n ret : 00000000, elapsed time : 0 ms
[2023-07-17 10:00:57.303774] [0x0000700007758000] [info]  native_put_language_n measurement point
[2023-07-17 10:00:57.304296] [0x0000700007758000] [info]  native_put_language_n ret : 00000000, elapsed time : 0 ms
[2023-07-17 10:00:57.304327] [0x0000700007758000] [info]  native_put_char_set_n measurement point
[2023-07-17 10:00:57.304349] [0x0000700007758000] [info]  native_put_char_set_n ret : 00000000, elapsed time : 0 ms
[2023-07-17 10:00:57.304373] [0x0000700007758000] [info]  native_put_proxy_usage_n measurement point
[2023-07-17 10:00:57.304394] [0x0000700007758000] [info]  native_put_proxy_usage_n ret : 00000000, elapsed time : 0 ms
[2023-07-17 10:00:57.304411] [0x0000700007758000] [info]  native_put_transkey_n measurement point
[2023-07-17 10:00:57.304429] [0x0000700007758000] [info]  native_put_transkey_n ret : 00000000, elapsed time : 0 ms
[2023-07-17 10:01:03.068883] [0x0000700007758000] [info]  websocket.connection.handle_read_frame complete recv frame data. opcode : 00000001
[2023-07-17 10:01:03.068973] [0x0000700007758000] [info]  anysign.base_server.jsonp_handle_input index : 1, data length : 1873
[2023-07-17 10:01:03.069126] [0x0000700007758000] [info]  native_block_enc_2 measurement point
[2023-07-17 10:01:03.231431] [0x0000700007758000] [info]  native_block_enc_2 ret : 00000000, elapsed time : 162 ms
[2023-07-17 10:01:03.232811] [0x0000700007758000] [info]  websocket.connection.handle_read_frame complete recv frame data. opcode : 00000001
[2023-07-17 10:01:03.232851] [0x0000700007758000] [info]  anysign.base_server.jsonp_handle_input index : 1, data length : 1142
[2023-07-17 10:01:03.232957] [0x0000700007758000] [info]  native_block_enc_2 measurement point
[2023-07-17 10:01:03.308769] [0x0000700007758000] [info]  native_block_enc_2 ret : 00000000, elapsed time : 75 ms
[2023-07-17 10:01:03.765394] [0x0000700007758000] [info]  handle_accept. remote info : 127.0.0.1:57659
[2023-07-17 10:01:03.765449] [0x0000700007758000] [info]  websocket handshake complete measurement point
[2023-07-17 10:01:03.774584] [0x0000700007758000] [info]  websocket handshake complete elapsed time : 9 ms
[2023-07-17 10:01:03.774631] [0x0000700007758000] [info]  anysign.base_server native origin : www.iros.go.kr
[2023-07-17 10:01:03.774650] [0x0000700007758000] [info]  anysign.base_server.handle_open index : 2, remote info : 127.0.0.1:57659
[2023-07-17 10:01:03.775879] [0x0000700007758000] [info]  websocket.connection.handle_read_frame complete recv frame data. opcode : 00000001
[2023-07-17 10:01:03.775915] [0x0000700007758000] [info]  anysign.base_server.jsonp_handle_input index : 2, data length : 9705
[2023-07-17 10:01:03.776227] [0x0000700007758000] [info]  anysign.base_server.native_create_by_websession native create (session:www.iros.go.kr,id:1,ref:2)
[2023-07-17 10:01:03.776252] [0x0000700007758000] [info]  native_check_version measurement point
[2023-07-17 10:01:03.776268] [0x0000700007758000] [info]  native_check_version ret : 00000000, elapsed time : 0 ms
[2023-07-17 10:01:03.776304] [0x0000700007758000] [info]  native_put_license_n measurement point
[2023-07-17 10:01:03.778495] [0x0000700007758000] [info]  native_put_license_n ret : 00000000, elapsed time : 2 ms
[2023-07-17 10:01:03.778526] [0x0000700007758000] [info]  native_put_license2_n measurement point
[2023-07-17 10:01:03.781291] [0x0000700007758000] [info]  native_put_license2_n ret : 00000000, elapsed time : 2 ms
[2023-07-17 10:01:03.781320] [0x0000700007758000] [info]  native_put_storage_n measurement point
[2023-07-17 10:01:03.781341] [0x0000700007758000] [info]  native_put_storage_n ret : 00000000, elapsed time : 0 ms
[2023-07-17 10:01:03.781359] [0x0000700007758000] [info]  native_put_language_n measurement point
[2023-07-17 10:01:03.781589] [0x0000700007758000] [info]  native_put_language_n ret : 00000000, elapsed time : 0 ms
[2023-07-17 10:01:03.781614] [0x0000700007758000] [info]  native_put_char_set_n measurement point
[2023-07-17 10:01:03.781633] [0x0000700007758000] [info]  native_put_char_set_n ret : 00000000, elapsed time : 0 ms
[2023-07-17 10:01:03.781650] [0x0000700007758000] [info]  native_put_proxy_usage_n measurement point
[2023-07-17 10:01:03.781668] [0x0000700007758000] [info]  native_put_proxy_usage_n ret : 00000000, elapsed time : 0 ms
[2023-07-17 10:01:03.781684] [0x0000700007758000] [info]  native_put_transkey_n measurement point
[2023-07-17 10:01:03.781701] [0x0000700007758000] [info]  native_put_transkey_n ret : 00000000, elapsed time : 0 ms
[2023-07-17 10:01:57.297994] [0x0000700007758000] [info]  websocket.connection.handle_read_frame complete recv frame data. opcode : 00000010
[2023-07-17 10:02:03.775265] [0x0000700007758000] [info]  websocket.connection.handle_read_frame complete recv frame data. opcode : 00000010
[2023-07-17 10:02:05.555508] [0x0000700007758000] [info]  ------------- tls connection -------------
[2023-07-17 10:02:05.555586] [0x0000700007758000] [info]  index : 2, remote : 127.0.0.1:57659
[2023-07-17 10:02:05.555607] [0x0000700007758000] [info]  index : 1, remote : 127.0.0.1:57654
[2023-07-17 10:02:05.555623] [0x0000700007758000] [info]  ------------------------------------------
[2023-07-17 10:02:57.300388] [0x0000700007758000] [info]  websocket.connection.handle_read_frame complete recv frame data. opcode : 00000010
[2023-07-17 10:03:03.775974] [0x0000700007758000] [info]  websocket.connection.handle_read_frame complete recv frame data. opcode : 00000010
[2023-07-17 10:03:57.303970] [0x0000700007758000] [info]  websocket.connection.handle_read_frame complete recv frame data. opcode : 00000010
[2023-07-17 10:04:03.776625] [0x0000700007758000] [info]  websocket.connection.handle_read_frame complete recv frame data. opcode : 00000010
[2023-07-17 10:04:15.556891] [0x0000700007758000] [info]  ------------- tls connection -------------
[2023-07-17 10:04:15.557017] [0x0000700007758000] [info]  index : 2, remote : 127.0.0.1:57659
[2023-07-17 10:04:15.557071] [0x0000700007758000] [info]  index : 1, remote : 127.0.0.1:57654
[2023-07-17 10:04:15.557087] [0x0000700007758000] [info]  ------------------------------------------
[2023-07-17 10:04:57.305392] [0x0000700007758000] [info]  websocket.connection.handle_read_frame complete recv frame data. opcode : 00000010
[2023-07-17 10:05:03.778942] [0x0000700007758000] [info]  websocket.connection.handle_read_frame complete recv frame data. opcode : 00000010
[2023-07-17 10:05:57.307218] [0x0000700007758000] [info]  websocket.connection.handle_read_frame complete recv frame data. opcode : 00000010
[2023-07-17 10:06:03.779536] [0x0000700007758000] [info]  websocket.connection.handle_read_frame complete recv frame data. opcode : 00000010
[2023-07-17 10:06:25.557890] [0x0000700007758000] [info]  ------------- tls connection -------------
[2023-07-17 10:06:25.557952] [0x0000700007758000] [info]  index : 2, remote : 127.0.0.1:57659
[2023-07-17 10:06:25.557972] [0x0000700007758000] [info]  index : 1, remote : 127.0.0.1:57654
[2023-07-17 10:06:25.557986] [0x0000700007758000] [info]  ------------------------------------------
[2023-07-17 10:06:57.308476] [0x0000700007758000] [info]  websocket.connection.handle_read_frame complete recv frame data. opcode : 00000010
[2023-07-17 10:07:03.780904] [0x0000700007758000] [info]  websocket.connection.handle_read_frame complete recv frame data. opcode : 00000010
[2023-07-17 10:07:57.311884] [0x0000700007758000] [info]  websocket.connection.handle_read_frame complete recv frame data. opcode : 00000010
[2023-07-17 10:08:03.781605] [0x0000700007758000] [info]  websocket.connection.handle_read_frame complete recv frame data. opcode : 00000010
[2023-07-17 10:08:35.560322] [0x0000700007758000] [info]  ------------- tls connection -------------
[2023-07-17 10:08:35.560398] [0x0000700007758000] [info]  index : 2, remote : 127.0.0.1:57659
[2023-07-17 10:08:35.560425] [0x0000700007758000] [info]  index : 1, remote : 127.0.0.1:57654
[2023-07-17 10:08:35.560446] [0x0000700007758000] [info]  ------------------------------------------
[2023-07-17 10:08:57.315544] [0x0000700007758000] [info]  websocket.connection.handle_read_frame complete recv frame data. opcode : 00000010
[2023-07-17 10:09:03.782229] [0x0000700007758000] [info]  websocket.connection.handle_read_frame complete recv frame data. opcode : 00000010
[2023-07-17 10:09:57.317715] [0x0000700007758000] [info]  websocket.connection.handle_read_frame complete recv frame data. opcode : 00000010
[2023-07-17 10:10:03.783229] [0x0000700007758000] [info]  websocket.connection.handle_read_frame complete recv frame data. opcode : 00000010
[2023-07-17 10:10:45.562612] [0x0000700007758000] [info]  ------------- tls connection -------------
[2023-07-17 10:10:45.562701] [0x0000700007758000] [info]  index : 2, remote : 127.0.0.1:57659
[2023-07-17 10:10:45.562734] [0x0000700007758000] [info]  index : 1, remote : 127.0.0.1:57654
[2023-07-17 10:10:45.562760] [0x0000700007758000] [info]  ------------------------------------------
[2023-07-17 10:10:57.319422] [0x0000700007758000] [info]  websocket.connection.handle_read_frame complete recv frame data. opcode : 00000010
[2023-07-17 10:11:03.783961] [0x0000700007758000] [info]  websocket.connection.handle_read_frame complete recv frame data. opcode : 00000010
[2023-07-17 10:11:57.323249] [0x0000700007758000] [info]  websocket.connection.handle_read_frame complete recv frame data. opcode : 00000010
[2023-07-17 10:11:59.295101] [0x0000700007758000] [error]  websocket.connection.handle_read_frame error : 00000011, message : tls short read
[2023-07-17 10:11:59.295460] [0x0000700007758000] [info]  handle_async_shutdown error : 00000054, message : Connection reset by peer
[2023-07-17 10:11:59.295505] [0x0000700007758000] [info]  websocket.connection.handle_terminate error : 00000003, message : underlying transport error
[2023-07-17 10:11:59.295539] [0x0000700007758000] [info]  anysign.base_server.handle_close. session id : 1, session ref : 1
[2023-07-17 10:11:59.295741] [0x0000700007758000] [info]  native delete measurement point
[2023-07-17 10:11:59.295809] [0x0000700007758000] [info]  native delete elapsed time : 0 ms
[2023-07-17 10:11:59.295845] [0x0000700007758000] [info]  anysign.base_server.handle_close. index : 2, remote info : 127.0.0.1:57659
[2023-07-17 10:11:59.296135] [0x0000700007758000] [error]  websocket.connection.handle_read_frame error : 00000011, message : tls short read
[2023-07-17 10:11:59.296375] [0x0000700007758000] [info]  handle_async_shutdown error : 00000054, message : Connection reset by peer
[2023-07-17 10:11:59.296440] [0x0000700007758000] [info]  websocket.connection.handle_terminate error : 00000003, message : underlying transport error
[2023-07-17 10:11:59.296492] [0x0000700007758000] [info]  anysign.base_server.handle_close. session id : 1, session ref : 0
[2023-07-17 10:11:59.296517] [0x0000700007758000] [info]  native delete measurement point
[2023-07-17 10:11:59.296538] [0x0000700007758000] [info]  native delete elapsed time : 0 ms
[2023-07-17 10:11:59.296556] [0x0000700007758000] [info]  anysign.base_server.handle_close. index : 1, remote info : 127.0.0.1:57654
[2023-07-17 10:12:31.330160] [0x00007ff8541e24c0] [info]  anysign.shutdown_session_strategy : begin server shutdown
[2023-07-17 10:12:31.330538] [0x00007ff8541e24c0] [info]  anysign for pc stop.
