[2023-06-26 15:18:08.428424] [0x00007ff8541e24c0] [info]  anysign for pc start
[2023-06-26 15:18:08.428602] [0x00007ff8541e24c0] [info]  privilege infomation : minjujeong
[2023-06-26 15:18:08.552834] [0x00007ff8541e24c0] [info]  anysign.no_tls_webcrypto_server : no tls / webcrypto socket
[2023-06-26 15:18:08.553758] [0x00007ff8541e24c0] [info]  dynamic assign no tls port : 55003
[2023-06-26 15:18:08.553983] [0x00007ff8541e24c0] [info]  anysign.tls_server : tls socket
[2023-06-26 15:18:08.561143] [0x00007ff8541e24c0] [info]  dynamic assign tls port : 55004
[2023-06-26 15:18:08.597382] [0x000070000cbd6000] [info]  websocket.transfer.endpoint.handle_accepterror : 00000022, message : Invalid argument
[2023-06-26 15:18:08.597477] [0x000070000cad0000] [info]  error getting remote endpoint: system:22 (Invalid argument)
[2023-06-26 15:18:08.597441] [0x000070000cad0000] [info]  handle_accept. remote info : unknown
[2023-06-26 15:18:08.597642] [0x000070000cad0000] [info]  websocket handshake complete measurement point
[2023-06-26 15:18:08.597568] [0x000070000cbd6000] [info]  handle_accept error : 00000003, message : underlying transport error
[2023-06-26 15:18:08.597967] [0x000070000cad0000] [error]  websocket.connection.handle_read_handshake error : 00000006, message : pass through from socket policy
[2023-06-26 15:18:08.598035] [0x000070000cad0000] [info]  anysign.base_server.handle_fail
[2023-06-26 15:18:08.598107] [0x000070000cad0000] [info]  websocket handshake complete elapsed time : 0 ms
[2023-06-26 15:18:08.604310] [0x000070000cbd6000] [info]  handle_async_shutdown error : 336462100, message : uninitialized
[2023-06-26 15:18:08.604422] [0x000070000cbd6000] [info]  websocket.connection.handle_terminate error : 00000014, message : generic tls related error
[2023-06-26 15:18:08.604456] [0x000070000cbd6000] [info]  anysign.base_server.handle_fail
[2023-06-26 15:18:08.604501] [0x000070000cbd6000] [info]  handle_accept. remote info : 127.0.0.1:50093
[2023-06-26 15:18:08.604564] [0x000070000cbd6000] [info]  websocket handshake complete measurement point
[2023-06-26 15:18:08.618927] [0x000070000cbd6000] [info]  websocket handshake complete elapsed time : 14 ms
[2023-06-26 15:18:08.619020] [0x000070000cbd6000] [info]  anysign.base_server native origin : www.ei.go.kr
[2023-06-26 15:18:08.619047] [0x000070000cbd6000] [info]  anysign.base_server.handle_open index : 1, remote info : 127.0.0.1:50093
[2023-06-26 15:18:08.620288] [0x000070000cbd6000] [info]  websocket.connection.handle_read_frame complete recv frame data. opcode : 00000001
[2023-06-26 15:18:08.620358] [0x000070000cbd6000] [info]  anysign.base_server.jsonp_handle_input index : 1, data length : 5591
[2023-06-26 15:18:08.620878] [0x000070000cbd6000] [info]  anysign.base_server.native_create_by_websession native create (session:www.ei.go.kr,id:1,ref:1)
[2023-06-26 15:18:08.620935] [0x000070000cbd6000] [info]  native_check_version measurement point
[2023-06-26 15:18:08.620968] [0x000070000cbd6000] [info]  native_check_version ret : 00000000, elapsed time : 0 ms
[2023-06-26 15:18:08.621018] [0x000070000cbd6000] [info]  native_put_license_n measurement point
[2023-06-26 15:18:08.625316] [0x000070000cbd6000] [info]  native_put_license_n ret : 00000000, elapsed time : 4 ms
[2023-06-26 15:18:08.625395] [0x000070000cbd6000] [info]  native_put_storage_n measurement point
[2023-06-26 15:18:08.625440] [0x000070000cbd6000] [info]  native_put_storage_n ret : 00000000, elapsed time : 0 ms
[2023-06-26 15:18:08.625479] [0x000070000cbd6000] [info]  native_put_language_n measurement point
[2023-06-26 15:18:08.626288] [0x000070000cbd6000] [info]  native_put_language_n ret : 00000000, elapsed time : 0 ms
[2023-06-26 15:18:08.626401] [0x000070000cbd6000] [info]  native_put_char_set_n measurement point
[2023-06-26 15:18:08.626460] [0x000070000cbd6000] [info]  native_put_char_set_n ret : 00000000, elapsed time : 0 ms
[2023-06-26 15:18:08.626509] [0x000070000cbd6000] [info]  native_put_proxy_usage_n measurement point
[2023-06-26 15:18:08.626549] [0x000070000cbd6000] [info]  native_put_proxy_usage_n ret : 00000000, elapsed time : 0 ms
[2023-06-26 15:18:08.626602] [0x000070000cbd6000] [info]  native_put_transkey_n measurement point
[2023-06-26 15:18:08.626650] [0x000070000cbd6000] [info]  native_put_transkey_n ret : 00000000, elapsed time : 0 ms
[2023-06-26 15:18:46.177843] [0x000070000cbd6000] [info]  websocket.connection.handle_read_frame complete recv frame data. opcode : 00000008
[2023-06-26 15:18:46.178357] [0x000070000cbd6000] [error]  websocket.connection.handle_read_frame error : 00000011, message : tls short read
[2023-06-26 15:18:46.178527] [0x000070000cbd6000] [info]  transport.connection.handle_async_write error : 336396495, message : protocol is shutdown
[2023-06-26 15:18:46.178583] [0x000070000cbd6000] [fatal]  websocket.connection.handle_write_frame error : 00000003, message : underlying transport error
[2023-06-26 15:18:46.178657] [0x000070000cbd6000] [info]  handle_async_shutdown error : 00000054, message : Connection reset by peer
[2023-06-26 15:18:46.178791] [0x000070000cbd6000] [info]  websocket.connection.handle_terminate error : 00000003, message : underlying transport error
[2023-06-26 15:18:46.178889] [0x000070000cbd6000] [info]  anysign.base_server.handle_close. session id : 1, session ref : 0
[2023-06-26 15:18:46.178955] [0x000070000cbd6000] [info]  native delete measurement point
[2023-06-26 15:18:46.179009] [0x000070000cbd6000] [info]  native delete elapsed time : 0 ms
[2023-06-26 15:18:46.179039] [0x000070000cbd6000] [info]  anysign.base_server.handle_close. index : 1, remote info : 127.0.0.1:50093
[2023-06-26 15:19:17.531931] [0x00007ff8541e24c0] [info]  anysign.shutdown_session_strategy : begin server shutdown
[2023-06-26 15:19:17.532431] [0x00007ff8541e24c0] [info]  anysign for pc stop.
