[2023-06-21 11:12:49.007990] [0x00007ff8541e24c0] [info]  anysign for pc start
[2023-06-21 11:12:49.008156] [0x00007ff8541e24c0] [info]  privilege infomation : minjujeong
[2023-06-21 11:12:49.108032] [0x00007ff8541e24c0] [info]  anysign.no_tls_webcrypto_server : no tls / webcrypto socket
[2023-06-21 11:12:49.108661] [0x00007ff8541e24c0] [info]  dynamic assign no tls port : 55001
[2023-06-21 11:12:49.108796] [0x00007ff8541e24c0] [info]  anysign.tls_server : tls socket
[2023-06-21 11:12:49.113421] [0x00007ff8541e24c0] [info]  dynamic assign tls port : 55002
[2023-06-21 11:12:49.517913] [0x0000700007c7d000] [info]  error getting remote endpoint: system:22 (Invalid argument)
[2023-06-21 11:12:49.517893] [0x0000700007c7d000] [info]  handle_accept. remote info : unknown
[2023-06-21 11:12:49.517991] [0x0000700007c7d000] [info]  websocket handshake complete measurement point
[2023-06-21 11:12:49.518025] [0x0000700007b77000] [info]  websocket.transfer.endpoint.handle_accepterror : 00000022, message : Invalid argument
[2023-06-21 11:12:49.518085] [0x0000700007b77000] [info]  handle_async_shutdown error : 00000009, message : Bad file descriptor
[2023-06-21 11:12:49.518111] [0x0000700007b77000] [info]  websocket.connection.handle_terminate error : 00000006, message : pass through from socket policy
[2023-06-21 11:12:49.518134] [0x0000700007b77000] [info]  anysign.base_server.handle_fail
[2023-06-21 11:12:49.518149] [0x0000700007b77000] [info]  handle_accept error : 00000003, message : underlying transport error
[2023-06-21 11:12:49.522293] [0x0000700007c7d000] [info]  handle_accept. remote info : 127.0.0.1:53145
[2023-06-21 11:12:49.522339] [0x0000700007c7d000] [info]  websocket handshake complete measurement point
[2023-06-21 11:12:49.531647] [0x0000700007c7d000] [info]  websocket handshake complete elapsed time : 9 ms
[2023-06-21 11:12:49.531696] [0x0000700007c7d000] [info]  anysign.base_server native origin : www.ei.go.kr
[2023-06-21 11:12:49.531715] [0x0000700007c7d000] [info]  anysign.base_server.handle_open index : 1, remote info : 127.0.0.1:53145
[2023-06-21 11:12:49.532819] [0x0000700007c7d000] [info]  websocket.connection.handle_read_frame complete recv frame data. opcode : 00000001
[2023-06-21 11:12:49.532857] [0x0000700007c7d000] [info]  anysign.base_server.jsonp_handle_input index : 1, data length : 5591
[2023-06-21 11:12:49.533157] [0x0000700007c7d000] [info]  anysign.base_server.native_create_by_websession native create (session:www.ei.go.kr,id:1,ref:1)
[2023-06-21 11:12:49.533191] [0x0000700007c7d000] [info]  native_check_version measurement point
[2023-06-21 11:12:49.533213] [0x0000700007c7d000] [info]  native_check_version ret : 00000000, elapsed time : 0 ms
[2023-06-21 11:12:49.533247] [0x0000700007c7d000] [info]  native_put_license_n measurement point
[2023-06-21 11:12:49.535913] [0x0000700007c7d000] [info]  native_put_license_n ret : 00000000, elapsed time : 2 ms
[2023-06-21 11:12:49.535950] [0x0000700007c7d000] [info]  native_put_storage_n measurement point
[2023-06-21 11:12:49.535975] [0x0000700007c7d000] [info]  native_put_storage_n ret : 00000000, elapsed time : 0 ms
[2023-06-21 11:12:49.535997] [0x0000700007c7d000] [info]  native_put_language_n measurement point
[2023-06-21 11:12:49.536210] [0x0000700007c7d000] [info]  native_put_language_n ret : 00000000, elapsed time : 0 ms
[2023-06-21 11:12:49.536242] [0x0000700007c7d000] [info]  native_put_char_set_n measurement point
[2023-06-21 11:12:49.536266] [0x0000700007c7d000] [info]  native_put_char_set_n ret : 00000000, elapsed time : 0 ms
[2023-06-21 11:12:49.536289] [0x0000700007c7d000] [info]  native_put_proxy_usage_n measurement point
[2023-06-21 11:12:49.536312] [0x0000700007c7d000] [info]  native_put_proxy_usage_n ret : 00000000, elapsed time : 0 ms
[2023-06-21 11:12:49.536332] [0x0000700007c7d000] [info]  native_put_transkey_n measurement point
[2023-06-21 11:12:49.536354] [0x0000700007c7d000] [info]  native_put_transkey_n ret : 00000000, elapsed time : 0 ms
[2023-06-21 11:12:54.518853] [0x0000700007c7d000] [info]  transport.connection.handle_init_timeout
[2023-06-21 11:12:54.518934] [0x0000700007c7d000] [fatal]  websocket.connection.handle_transport_init error : 00000008, message : tls handshake failed
[2023-06-21 11:12:54.518990] [0x0000700007c7d000] [info]  anysign.base_server.handle_fail
[2023-06-21 11:12:54.519035] [0x0000700007c7d000] [info]  websocket handshake complete elapsed time : 5001 ms
[2023-06-21 11:13:32.455483] [0x0000700007c7d000] [info]  websocket.connection.handle_read_frame complete recv frame data. opcode : 00000008
[2023-06-21 11:13:32.455644] [0x0000700007c7d000] [error]  websocket.connection.handle_read_frame error : 00000011, message : tls short read
[2023-06-21 11:13:32.455786] [0x0000700007c7d000] [info]  transport.connection.handle_async_write error : 336396495, message : protocol is shutdown
[2023-06-21 11:13:32.455832] [0x0000700007c7d000] [fatal]  websocket.connection.handle_write_frame error : 00000003, message : underlying transport error
[2023-06-21 11:13:32.455946] [0x0000700007c7d000] [info]  handle_async_shutdown error : 00000054, message : Connection reset by peer
[2023-06-21 11:13:32.455997] [0x0000700007c7d000] [info]  websocket.connection.handle_terminate error : 00000003, message : underlying transport error
[2023-06-21 11:13:32.456034] [0x0000700007c7d000] [info]  anysign.base_server.handle_close. session id : 1, session ref : 0
[2023-06-21 11:13:32.456067] [0x0000700007c7d000] [info]  native delete measurement point
[2023-06-21 11:13:32.456090] [0x0000700007c7d000] [info]  native delete elapsed time : 0 ms
[2023-06-21 11:13:32.456108] [0x0000700007c7d000] [info]  anysign.base_server.handle_close. index : 1, remote info : 127.0.0.1:53145
[2023-06-21 11:14:04.276124] [0x00007ff8541e24c0] [info]  anysign.shutdown_session_strategy : begin server shutdown
[2023-06-21 11:14:04.277284] [0x00007ff8541e24c0] [info]  anysign for pc stop.
