[2023-07-18 10:46:58.005216] [0x00007ff8541e24c0] [info]  anysign for pc start
[2023-07-18 10:46:58.005578] [0x00007ff8541e24c0] [info]  privilege infomation : minjujeong
[2023-07-18 10:46:58.154569] [0x00007ff8541e24c0] [info]  anysign.no_tls_webcrypto_server : no tls / webcrypto socket
[2023-07-18 10:46:58.155639] [0x00007ff8541e24c0] [info]  dynamic assign no tls port : 55013
[2023-07-18 10:46:58.155833] [0x00007ff8541e24c0] [info]  anysign.tls_server : tls socket
[2023-07-18 10:46:58.162345] [0x00007ff8541e24c0] [info]  dynamic assign tls port : 55014
[2023-07-18 10:46:58.593561] [0x000070000cf2b000] [info]  error getting remote endpoint: system:22 (Invalid argument)
[2023-07-18 10:46:58.593490] [0x000070000cf2b000] [info]  handle_accept. remote info : unknown
[2023-07-18 10:46:58.593706] [0x000070000ce25000] [info]  websocket.transfer.endpoint.handle_accepterror : 00000022, message : Invalid argument
[2023-07-18 10:46:58.593789] [0x000070000cf2b000] [info]  websocket handshake complete measurement point
[2023-07-18 10:46:58.593839] [0x000070000ce25000] [info]  handle_async_shutdown error : 00000009, message : Bad file descriptor
[2023-07-18 10:46:58.593932] [0x000070000ce25000] [info]  websocket.connection.handle_terminate error : 00000006, message : pass through from socket policy
[2023-07-18 10:46:58.594035] [0x000070000ce25000] [info]  anysign.base_server.handle_fail
[2023-07-18 10:46:58.594078] [0x000070000ce25000] [info]  handle_accept error : 00000003, message : underlying transport error
[2023-07-18 10:46:58.601647] [0x000070000cf2b000] [info]  handle_accept. remote info : 127.0.0.1:59644
[2023-07-18 10:46:58.601728] [0x000070000cf2b000] [info]  websocket handshake complete measurement point
[2023-07-18 10:46:58.614911] [0x000070000cf2b000] [info]  websocket handshake complete elapsed time : 13 ms
[2023-07-18 10:46:58.614994] [0x000070000cf2b000] [info]  anysign.base_server native origin : www.iros.go.kr
[2023-07-18 10:46:58.615028] [0x000070000cf2b000] [info]  anysign.base_server.handle_open index : 1, remote info : 127.0.0.1:59644
[2023-07-18 10:46:58.616467] [0x000070000cf2b000] [info]  websocket.connection.handle_read_frame complete recv frame data. opcode : 00000001
[2023-07-18 10:46:58.616512] [0x000070000cf2b000] [info]  anysign.base_server.jsonp_handle_input index : 1, data length : 9705
[2023-07-18 10:46:58.616973] [0x000070000cf2b000] [info]  anysign.base_server.native_create_by_websession native create (session:www.iros.go.kr,id:1,ref:1)
[2023-07-18 10:46:58.617008] [0x000070000cf2b000] [info]  native_check_version measurement point
[2023-07-18 10:46:58.617028] [0x000070000cf2b000] [info]  native_check_version ret : 00000000, elapsed time : 0 ms
[2023-07-18 10:46:58.617069] [0x000070000cf2b000] [info]  native_put_license_n measurement point
[2023-07-18 10:46:58.621567] [0x000070000cf2b000] [info]  native_put_license_n ret : 00000000, elapsed time : 4 ms
[2023-07-18 10:46:58.621657] [0x000070000cf2b000] [info]  native_put_license2_n measurement point
[2023-07-18 10:46:58.626972] [0x000070000cf2b000] [info]  native_put_license2_n ret : 00000000, elapsed time : 5 ms
[2023-07-18 10:46:58.627076] [0x000070000cf2b000] [info]  native_put_storage_n measurement point
[2023-07-18 10:46:58.627124] [0x000070000cf2b000] [info]  native_put_storage_n ret : 00000000, elapsed time : 0 ms
[2023-07-18 10:46:58.627149] [0x000070000cf2b000] [info]  native_put_language_n measurement point
[2023-07-18 10:46:58.627875] [0x000070000cf2b000] [info]  native_put_language_n ret : 00000000, elapsed time : 0 ms
[2023-07-18 10:46:58.627923] [0x000070000cf2b000] [info]  native_put_char_set_n measurement point
[2023-07-18 10:46:58.627955] [0x000070000cf2b000] [info]  native_put_char_set_n ret : 00000000, elapsed time : 0 ms
[2023-07-18 10:46:58.627985] [0x000070000cf2b000] [info]  native_put_proxy_usage_n measurement point
[2023-07-18 10:46:58.628038] [0x000070000cf2b000] [info]  native_put_proxy_usage_n ret : 00000000, elapsed time : 0 ms
[2023-07-18 10:46:58.628092] [0x000070000cf2b000] [info]  native_put_transkey_n measurement point
[2023-07-18 10:46:58.628163] [0x000070000cf2b000] [info]  native_put_transkey_n ret : 00000000, elapsed time : 0 ms
[2023-07-18 10:47:03.594842] [0x000070000cf2b000] [info]  transport.connection.handle_init_timeout
[2023-07-18 10:47:03.594909] [0x000070000cf2b000] [fatal]  websocket.connection.handle_transport_init error : 00000008, message : tls handshake failed
[2023-07-18 10:47:03.594975] [0x000070000cf2b000] [info]  anysign.base_server.handle_fail
[2023-07-18 10:47:03.595066] [0x000070000cf2b000] [info]  websocket handshake complete elapsed time : 5001 ms
[2023-07-18 10:47:07.555298] [0x000070000cf2b000] [info]  websocket.connection.handle_read_frame complete recv frame data. opcode : 00000001
[2023-07-18 10:47:07.555349] [0x000070000cf2b000] [info]  anysign.base_server.jsonp_handle_input index : 1, data length : 1870
[2023-07-18 10:47:07.555482] [0x000070000cf2b000] [info]  native_block_enc_2 measurement point
[2023-07-18 10:47:08.068116] [0x000070000cf2b000] [info]  native_block_enc_2 ret : 00000000, elapsed time : 512 ms
[2023-07-18 10:47:08.069342] [0x000070000cf2b000] [info]  websocket.connection.handle_read_frame complete recv frame data. opcode : 00000001
[2023-07-18 10:47:08.069375] [0x000070000cf2b000] [info]  anysign.base_server.jsonp_handle_input index : 1, data length : 421
[2023-07-18 10:47:08.069463] [0x000070000cf2b000] [info]  native_block_enc_2 measurement point
[2023-07-18 10:47:08.143138] [0x000070000cf2b000] [info]  native_block_enc_2 ret : 00000000, elapsed time : 73 ms
[2023-07-18 10:47:08.562502] [0x000070000cf2b000] [info]  handle_accept. remote info : 127.0.0.1:59660
[2023-07-18 10:47:08.562570] [0x000070000cf2b000] [info]  websocket handshake complete measurement point
[2023-07-18 10:47:08.571784] [0x000070000cf2b000] [info]  websocket handshake complete elapsed time : 9 ms
[2023-07-18 10:47:08.571879] [0x000070000cf2b000] [info]  anysign.base_server native origin : www.iros.go.kr
[2023-07-18 10:47:08.571905] [0x000070000cf2b000] [info]  anysign.base_server.handle_open index : 2, remote info : 127.0.0.1:59660
[2023-07-18 10:47:08.573104] [0x000070000cf2b000] [info]  websocket.connection.handle_read_frame complete recv frame data. opcode : 00000001
[2023-07-18 10:47:08.573140] [0x000070000cf2b000] [info]  anysign.base_server.jsonp_handle_input index : 2, data length : 9705
[2023-07-18 10:47:08.573483] [0x000070000cf2b000] [info]  anysign.base_server.native_create_by_websession native create (session:www.iros.go.kr,id:1,ref:2)
[2023-07-18 10:47:08.573508] [0x000070000cf2b000] [info]  native_check_version measurement point
[2023-07-18 10:47:08.573524] [0x000070000cf2b000] [info]  native_check_version ret : 00000000, elapsed time : 0 ms
[2023-07-18 10:47:08.573545] [0x000070000cf2b000] [info]  native_put_license_n measurement point
[2023-07-18 10:47:08.575773] [0x000070000cf2b000] [info]  native_put_license_n ret : 00000000, elapsed time : 2 ms
[2023-07-18 10:47:08.575812] [0x000070000cf2b000] [info]  native_put_license2_n measurement point
[2023-07-18 10:47:08.578591] [0x000070000cf2b000] [info]  native_put_license2_n ret : 00000000, elapsed time : 2 ms
[2023-07-18 10:47:08.578624] [0x000070000cf2b000] [info]  native_put_storage_n measurement point
[2023-07-18 10:47:08.578647] [0x000070000cf2b000] [info]  native_put_storage_n ret : 00000000, elapsed time : 0 ms
[2023-07-18 10:47:08.578667] [0x000070000cf2b000] [info]  native_put_language_n measurement point
[2023-07-18 10:47:08.579628] [0x000070000cf2b000] [info]  native_put_language_n ret : 00000000, elapsed time : 0 ms
[2023-07-18 10:47:08.579663] [0x000070000cf2b000] [info]  native_put_char_set_n measurement point
[2023-07-18 10:47:08.579721] [0x000070000cf2b000] [info]  native_put_char_set_n ret : 00000000, elapsed time : 0 ms
[2023-07-18 10:47:08.579741] [0x000070000cf2b000] [info]  native_put_proxy_usage_n measurement point
[2023-07-18 10:47:08.579761] [0x000070000cf2b000] [info]  native_put_proxy_usage_n ret : 00000000, elapsed time : 0 ms
[2023-07-18 10:47:08.579780] [0x000070000cf2b000] [info]  native_put_transkey_n measurement point
[2023-07-18 10:47:08.579809] [0x000070000cf2b000] [info]  native_put_transkey_n ret : 00000000, elapsed time : 0 ms
[2023-07-18 10:47:09.637618] [0x000070000cf2b000] [info]  websocket.connection.handle_read_frame complete recv frame data. opcode : 00000008
[2023-07-18 10:47:09.637733] [0x000070000cf2b000] [error]  websocket.connection.handle_read_frame error : 00000011, message : tls short read
[2023-07-18 10:47:09.637883] [0x000070000cf2b000] [info]  transport.connection.handle_async_write error : 336396495, message : protocol is shutdown
[2023-07-18 10:47:09.637911] [0x000070000cf2b000] [fatal]  websocket.connection.handle_write_frame error : 00000003, message : underlying transport error
[2023-07-18 10:47:09.637954] [0x000070000cf2b000] [info]  handle_async_shutdown error : 00000054, message : Connection reset by peer
[2023-07-18 10:47:09.638014] [0x000070000cf2b000] [info]  websocket.connection.handle_terminate error : 00000003, message : underlying transport error
[2023-07-18 10:47:09.638055] [0x000070000cf2b000] [info]  anysign.base_server.handle_close. session id : 1, session ref : 1
[2023-07-18 10:47:09.638105] [0x000070000cf2b000] [info]  native delete measurement point
[2023-07-18 10:47:09.638126] [0x000070000cf2b000] [info]  native delete elapsed time : 0 ms
[2023-07-18 10:47:09.638169] [0x000070000cf2b000] [info]  anysign.base_server.handle_close. index : 2, remote info : 127.0.0.1:59660
[2023-07-18 10:47:09.641373] [0x000070000cf2b000] [info]  websocket.connection.handle_read_frame complete recv frame data. opcode : 00000008
[2023-07-18 10:47:09.641529] [0x000070000cf2b000] [error]  websocket.connection.handle_read_frame error : 00000011, message : tls short read
[2023-07-18 10:47:09.641687] [0x000070000cf2b000] [info]  transport.connection.handle_async_write error : 336396495, message : protocol is shutdown
[2023-07-18 10:47:09.641714] [0x000070000cf2b000] [fatal]  websocket.connection.handle_write_frame error : 00000003, message : underlying transport error
[2023-07-18 10:47:09.641756] [0x000070000cf2b000] [info]  handle_async_shutdown error : 00000054, message : Connection reset by peer
[2023-07-18 10:47:09.641780] [0x000070000cf2b000] [info]  websocket.connection.handle_terminate error : 00000003, message : underlying transport error
[2023-07-18 10:47:09.641815] [0x000070000cf2b000] [info]  anysign.base_server.handle_close. session id : 1, session ref : 0
[2023-07-18 10:47:09.641835] [0x000070000cf2b000] [info]  native delete measurement point
[2023-07-18 10:47:09.641879] [0x000070000cf2b000] [info]  native delete elapsed time : 0 ms
[2023-07-18 10:47:09.641906] [0x000070000cf2b000] [info]  anysign.base_server.handle_close. index : 1, remote info : 127.0.0.1:59644
[2023-07-18 10:47:10.103677] [0x000070000cf2b000] [info]  handle_accept. remote info : 127.0.0.1:59664
[2023-07-18 10:47:10.103731] [0x000070000cf2b000] [info]  websocket handshake complete measurement point
[2023-07-18 10:47:10.113176] [0x000070000cf2b000] [info]  websocket handshake complete elapsed time : 9 ms
[2023-07-18 10:47:10.113243] [0x000070000cf2b000] [info]  anysign.base_server native origin : www.iros.go.kr
[2023-07-18 10:47:10.113260] [0x000070000cf2b000] [info]  anysign.base_server.handle_open index : 1, remote info : 127.0.0.1:59664
[2023-07-18 10:47:10.114527] [0x000070000cf2b000] [info]  websocket.connection.handle_read_frame complete recv frame data. opcode : 00000001
[2023-07-18 10:47:10.114562] [0x000070000cf2b000] [info]  anysign.base_server.jsonp_handle_input index : 1, data length : 9705
[2023-07-18 10:47:10.114913] [0x000070000cf2b000] [info]  anysign.base_server.native_create_by_websession native create (session:www.iros.go.kr,id:1,ref:1)
[2023-07-18 10:47:10.114935] [0x000070000cf2b000] [info]  native_check_version measurement point
[2023-07-18 10:47:10.114948] [0x000070000cf2b000] [info]  native_check_version ret : 00000000, elapsed time : 0 ms
[2023-07-18 10:47:10.114976] [0x000070000cf2b000] [info]  native_put_license_n measurement point
[2023-07-18 10:47:10.117432] [0x000070000cf2b000] [info]  native_put_license_n ret : 00000000, elapsed time : 2 ms
[2023-07-18 10:47:10.117488] [0x000070000cf2b000] [info]  native_put_license2_n measurement point
[2023-07-18 10:47:10.120366] [0x000070000cf2b000] [info]  native_put_license2_n ret : 00000000, elapsed time : 2 ms
[2023-07-18 10:47:10.120396] [0x000070000cf2b000] [info]  native_put_storage_n measurement point
[2023-07-18 10:47:10.120416] [0x000070000cf2b000] [info]  native_put_storage_n ret : 00000000, elapsed time : 0 ms
[2023-07-18 10:47:10.120433] [0x000070000cf2b000] [info]  native_put_language_n measurement point
[2023-07-18 10:47:10.120632] [0x000070000cf2b000] [info]  native_put_language_n ret : 00000000, elapsed time : 0 ms
[2023-07-18 10:47:10.120656] [0x000070000cf2b000] [info]  native_put_char_set_n measurement point
[2023-07-18 10:47:10.120674] [0x000070000cf2b000] [info]  native_put_char_set_n ret : 00000000, elapsed time : 0 ms
[2023-07-18 10:47:10.120691] [0x000070000cf2b000] [info]  native_put_proxy_usage_n measurement point
[2023-07-18 10:47:10.120708] [0x000070000cf2b000] [info]  native_put_proxy_usage_n ret : 00000000, elapsed time : 0 ms
[2023-07-18 10:47:10.120723] [0x000070000cf2b000] [info]  native_put_transkey_n measurement point
[2023-07-18 10:47:10.120740] [0x000070000cf2b000] [info]  native_put_transkey_n ret : 00000000, elapsed time : 0 ms
[2023-07-18 10:47:11.540238] [0x000070000cf2b000] [info]  websocket.connection.handle_read_frame complete recv frame data. opcode : 00000008
[2023-07-18 10:47:11.540435] [0x000070000cf2b000] [error]  websocket.connection.handle_read_frame error : 00000011, message : tls short read
[2023-07-18 10:47:11.540605] [0x000070000cf2b000] [info]  transport.connection.handle_async_write error : 336396495, message : protocol is shutdown
[2023-07-18 10:47:11.540654] [0x000070000cf2b000] [fatal]  websocket.connection.handle_write_frame error : 00000003, message : underlying transport error
[2023-07-18 10:47:11.540736] [0x000070000cf2b000] [info]  handle_async_shutdown error : 00000054, message : Connection reset by peer
[2023-07-18 10:47:11.540773] [0x000070000cf2b000] [info]  websocket.connection.handle_terminate error : 00000003, message : underlying transport error
[2023-07-18 10:47:11.540853] [0x000070000cf2b000] [info]  anysign.base_server.handle_close. session id : 1, session ref : 0
[2023-07-18 10:47:11.540954] [0x000070000cf2b000] [info]  native delete measurement point
[2023-07-18 10:47:11.541021] [0x000070000cf2b000] [info]  native delete elapsed time : 0 ms
[2023-07-18 10:47:11.541065] [0x000070000cf2b000] [info]  anysign.base_server.handle_close. index : 1, remote info : 127.0.0.1:59664
[2023-07-18 10:47:12.021881] [0x000070000cf2b000] [info]  handle_accept. remote info : 127.0.0.1:59668
[2023-07-18 10:47:12.021942] [0x000070000cf2b000] [info]  websocket handshake complete measurement point
[2023-07-18 10:47:12.031227] [0x000070000cf2b000] [info]  websocket handshake complete elapsed time : 9 ms
[2023-07-18 10:47:12.031311] [0x000070000cf2b000] [info]  anysign.base_server native origin : www.iros.go.kr
[2023-07-18 10:47:12.031331] [0x000070000cf2b000] [info]  anysign.base_server.handle_open index : 1, remote info : 127.0.0.1:59668
[2023-07-18 10:47:12.032558] [0x000070000cf2b000] [info]  websocket.connection.handle_read_frame complete recv frame data. opcode : 00000001
[2023-07-18 10:47:12.032591] [0x000070000cf2b000] [info]  anysign.base_server.jsonp_handle_input index : 1, data length : 9705
[2023-07-18 10:47:12.032931] [0x000070000cf2b000] [info]  anysign.base_server.native_create_by_websession native create (session:www.iros.go.kr,id:1,ref:1)
[2023-07-18 10:47:12.032953] [0x000070000cf2b000] [info]  native_check_version measurement point
[2023-07-18 10:47:12.032967] [0x000070000cf2b000] [info]  native_check_version ret : 00000000, elapsed time : 0 ms
[2023-07-18 10:47:12.032986] [0x000070000cf2b000] [info]  native_put_license_n measurement point
[2023-07-18 10:47:12.035158] [0x000070000cf2b000] [info]  native_put_license_n ret : 00000000, elapsed time : 2 ms
[2023-07-18 10:47:12.035189] [0x000070000cf2b000] [info]  native_put_license2_n measurement point
[2023-07-18 10:47:12.037878] [0x000070000cf2b000] [info]  native_put_license2_n ret : 00000000, elapsed time : 2 ms
[2023-07-18 10:47:12.037923] [0x000070000cf2b000] [info]  native_put_storage_n measurement point
[2023-07-18 10:47:12.037943] [0x000070000cf2b000] [info]  native_put_storage_n ret : 00000000, elapsed time : 0 ms
[2023-07-18 10:47:12.037960] [0x000070000cf2b000] [info]  native_put_language_n measurement point
[2023-07-18 10:47:12.038224] [0x000070000cf2b000] [info]  native_put_language_n ret : 00000000, elapsed time : 0 ms
[2023-07-18 10:47:12.038257] [0x000070000cf2b000] [info]  native_put_char_set_n measurement point
[2023-07-18 10:47:12.038281] [0x000070000cf2b000] [info]  native_put_char_set_n ret : 00000000, elapsed time : 0 ms
[2023-07-18 10:47:12.038299] [0x000070000cf2b000] [info]  native_put_proxy_usage_n measurement point
[2023-07-18 10:47:12.038317] [0x000070000cf2b000] [info]  native_put_proxy_usage_n ret : 00000000, elapsed time : 0 ms
[2023-07-18 10:47:12.038333] [0x000070000cf2b000] [info]  native_put_transkey_n measurement point
[2023-07-18 10:47:12.038354] [0x000070000cf2b000] [info]  native_put_transkey_n ret : 00000000, elapsed time : 0 ms
[2023-07-18 10:47:17.529788] [0x000070000cf2b000] [info]  websocket.connection.handle_read_frame complete recv frame data. opcode : 00000001
[2023-07-18 10:47:17.529885] [0x000070000cf2b000] [info]  anysign.base_server.jsonp_handle_input index : 1, data length : 726
[2023-07-18 10:47:17.529998] [0x000070000cf2b000] [info]  native_block_enc_2 measurement point
[2023-07-18 10:47:17.694463] [0x000070000cf2b000] [info]  native_block_enc_2 ret : 00000000, elapsed time : 164 ms
[2023-07-18 10:47:17.787284] [0x000070000cf2b000] [info]  websocket.connection.handle_read_frame complete recv frame data. opcode : 00000008
[2023-07-18 10:47:17.787377] [0x000070000cf2b000] [error]  websocket.connection.handle_read_frame error : 00000011, message : tls short read
[2023-07-18 10:47:17.787459] [0x000070000cf2b000] [info]  transport.connection.handle_async_write error : 336396495, message : protocol is shutdown
[2023-07-18 10:47:17.787485] [0x000070000cf2b000] [fatal]  websocket.connection.handle_write_frame error : 00000003, message : underlying transport error
[2023-07-18 10:47:17.787520] [0x000070000cf2b000] [info]  handle_async_shutdown error : 00000054, message : Connection reset by peer
[2023-07-18 10:47:17.787536] [0x000070000cf2b000] [info]  websocket.connection.handle_terminate error : 00000003, message : underlying transport error
[2023-07-18 10:47:17.787557] [0x000070000cf2b000] [info]  anysign.base_server.handle_close. session id : 1, session ref : 0
[2023-07-18 10:47:17.787578] [0x000070000cf2b000] [info]  native delete measurement point
[2023-07-18 10:47:17.787593] [0x000070000cf2b000] [info]  native delete elapsed time : 0 ms
[2023-07-18 10:47:17.787604] [0x000070000cf2b000] [info]  anysign.base_server.handle_close. index : 1, remote info : 127.0.0.1:59668
[2023-07-18 10:47:18.178402] [0x000070000cf2b000] [info]  handle_accept. remote info : 127.0.0.1:59694
[2023-07-18 10:47:18.178475] [0x000070000cf2b000] [info]  websocket handshake complete measurement point
[2023-07-18 10:47:18.188105] [0x000070000cf2b000] [info]  websocket handshake complete elapsed time : 9 ms
[2023-07-18 10:47:18.188165] [0x000070000cf2b000] [info]  anysign.base_server native origin : www.iros.go.kr
[2023-07-18 10:47:18.188197] [0x000070000cf2b000] [info]  anysign.base_server.handle_open index : 1, remote info : 127.0.0.1:59694
[2023-07-18 10:47:18.189480] [0x000070000cf2b000] [info]  websocket.connection.handle_read_frame complete recv frame data. opcode : 00000001
[2023-07-18 10:47:18.189515] [0x000070000cf2b000] [info]  anysign.base_server.jsonp_handle_input index : 1, data length : 9705
[2023-07-18 10:47:18.189842] [0x000070000cf2b000] [info]  anysign.base_server.native_create_by_websession native create (session:www.iros.go.kr,id:1,ref:1)
[2023-07-18 10:47:18.189864] [0x000070000cf2b000] [info]  native_check_version measurement point
[2023-07-18 10:47:18.189878] [0x000070000cf2b000] [info]  native_check_version ret : 00000000, elapsed time : 0 ms
[2023-07-18 10:47:18.189915] [0x000070000cf2b000] [info]  native_put_license_n measurement point
[2023-07-18 10:47:18.192500] [0x000070000cf2b000] [info]  native_put_license_n ret : 00000000, elapsed time : 2 ms
[2023-07-18 10:47:18.192561] [0x000070000cf2b000] [info]  native_put_license2_n measurement point
[2023-07-18 10:47:18.195529] [0x000070000cf2b000] [info]  native_put_license2_n ret : 00000000, elapsed time : 2 ms
[2023-07-18 10:47:18.195576] [0x000070000cf2b000] [info]  native_put_storage_n measurement point
[2023-07-18 10:47:18.195613] [0x000070000cf2b000] [info]  native_put_storage_n ret : 00000000, elapsed time : 0 ms
[2023-07-18 10:47:18.195663] [0x000070000cf2b000] [info]  native_put_language_n measurement point
[2023-07-18 10:47:18.196041] [0x000070000cf2b000] [info]  native_put_language_n ret : 00000000, elapsed time : 0 ms
[2023-07-18 10:47:18.196070] [0x000070000cf2b000] [info]  native_put_char_set_n measurement point
[2023-07-18 10:47:18.196090] [0x000070000cf2b000] [info]  native_put_char_set_n ret : 00000000, elapsed time : 0 ms
[2023-07-18 10:47:18.196107] [0x000070000cf2b000] [info]  native_put_proxy_usage_n measurement point
[2023-07-18 10:47:18.196124] [0x000070000cf2b000] [info]  native_put_proxy_usage_n ret : 00000000, elapsed time : 0 ms
[2023-07-18 10:47:18.196139] [0x000070000cf2b000] [info]  native_put_transkey_n measurement point
[2023-07-18 10:47:18.196154] [0x000070000cf2b000] [info]  native_put_transkey_n ret : 00000000, elapsed time : 0 ms
[2023-07-18 10:47:21.569043] [0x000070000cf2b000] [info]  websocket.connection.handle_read_frame complete recv frame data. opcode : 00000008
[2023-07-18 10:47:21.569363] [0x000070000cf2b000] [error]  websocket.connection.handle_read_frame error : 00000011, message : tls short read
[2023-07-18 10:47:21.569563] [0x000070000cf2b000] [info]  transport.connection.handle_async_write error : 336396495, message : protocol is shutdown
[2023-07-18 10:47:21.569622] [0x000070000cf2b000] [fatal]  websocket.connection.handle_write_frame error : 00000003, message : underlying transport error
[2023-07-18 10:47:21.569697] [0x000070000cf2b000] [info]  handle_async_shutdown error : 00000054, message : Connection reset by peer
[2023-07-18 10:47:21.569725] [0x000070000cf2b000] [info]  websocket.connection.handle_terminate error : 00000003, message : underlying transport error
[2023-07-18 10:47:21.569751] [0x000070000cf2b000] [info]  anysign.base_server.handle_close. session id : 1, session ref : 0
[2023-07-18 10:47:21.569793] [0x000070000cf2b000] [info]  native delete measurement point
[2023-07-18 10:47:21.569844] [0x000070000cf2b000] [info]  native delete elapsed time : 0 ms
[2023-07-18 10:47:21.569865] [0x000070000cf2b000] [info]  anysign.base_server.handle_close. index : 1, remote info : 127.0.0.1:59694
[2023-07-18 10:47:24.157267] [0x000070000cf2b000] [info]  handle_accept. remote info : 127.0.0.1:59718
[2023-07-18 10:47:24.157478] [0x000070000cf2b000] [info]  websocket handshake complete measurement point
[2023-07-18 10:47:24.171415] [0x000070000cf2b000] [info]  websocket handshake complete elapsed time : 13 ms
[2023-07-18 10:47:24.171509] [0x000070000cf2b000] [info]  anysign.base_server native origin : www.iros.go.kr
[2023-07-18 10:47:24.171539] [0x000070000cf2b000] [info]  anysign.base_server.handle_open index : 1, remote info : 127.0.0.1:59718
[2023-07-18 10:47:24.180959] [0x000070000cf2b000] [info]  websocket.connection.handle_read_frame complete recv frame data. opcode : 00000001
[2023-07-18 10:47:24.181014] [0x000070000cf2b000] [info]  anysign.base_server.jsonp_handle_input index : 1, data length : 9705
[2023-07-18 10:47:24.181574] [0x000070000cf2b000] [info]  anysign.base_server.native_create_by_websession native create (session:www.iros.go.kr,id:1,ref:1)
[2023-07-18 10:47:24.181656] [0x000070000cf2b000] [info]  native_check_version measurement point
[2023-07-18 10:47:24.181735] [0x000070000cf2b000] [info]  native_check_version ret : 00000000, elapsed time : 0 ms
[2023-07-18 10:47:24.181820] [0x000070000cf2b000] [info]  native_put_license_n measurement point
[2023-07-18 10:47:24.185914] [0x000070000cf2b000] [info]  native_put_license_n ret : 00000000, elapsed time : 4 ms
[2023-07-18 10:47:24.185984] [0x000070000cf2b000] [info]  native_put_license2_n measurement point
[2023-07-18 10:47:24.191718] [0x000070000cf2b000] [info]  native_put_license2_n ret : 00000000, elapsed time : 5 ms
[2023-07-18 10:47:24.191788] [0x000070000cf2b000] [info]  native_put_storage_n measurement point
[2023-07-18 10:47:24.191827] [0x000070000cf2b000] [info]  native_put_storage_n ret : 00000000, elapsed time : 0 ms
[2023-07-18 10:47:24.191857] [0x000070000cf2b000] [info]  native_put_language_n measurement point
[2023-07-18 10:47:24.192218] [0x000070000cf2b000] [info]  native_put_language_n ret : 00000000, elapsed time : 0 ms
[2023-07-18 10:47:24.192255] [0x000070000cf2b000] [info]  native_put_char_set_n measurement point
[2023-07-18 10:47:24.192280] [0x000070000cf2b000] [info]  native_put_char_set_n ret : 00000000, elapsed time : 0 ms
[2023-07-18 10:47:24.192300] [0x000070000cf2b000] [info]  native_put_proxy_usage_n measurement point
[2023-07-18 10:47:24.192327] [0x000070000cf2b000] [info]  native_put_proxy_usage_n ret : 00000000, elapsed time : 0 ms
[2023-07-18 10:47:24.192348] [0x000070000cf2b000] [info]  native_put_transkey_n measurement point
[2023-07-18 10:47:24.192378] [0x000070000cf2b000] [info]  native_put_transkey_n ret : 00000000, elapsed time : 0 ms
[2023-07-18 10:47:28.502021] [0x000070000cf2b000] [info]  websocket.connection.handle_read_frame complete recv frame data. opcode : 00000008
[2023-07-18 10:47:28.502130] [0x000070000cf2b000] [error]  websocket.connection.handle_read_frame error : 00000011, message : tls short read
[2023-07-18 10:47:28.502240] [0x000070000cf2b000] [info]  transport.connection.handle_async_write error : 336396495, message : protocol is shutdown
[2023-07-18 10:47:28.502314] [0x000070000cf2b000] [fatal]  websocket.connection.handle_write_frame error : 00000003, message : underlying transport error
[2023-07-18 10:47:28.502375] [0x000070000cf2b000] [info]  handle_async_shutdown error : 00000054, message : Connection reset by peer
[2023-07-18 10:47:28.502440] [0x000070000cf2b000] [info]  websocket.connection.handle_terminate error : 00000003, message : underlying transport error
[2023-07-18 10:47:28.502478] [0x000070000cf2b000] [info]  anysign.base_server.handle_close. session id : 1, session ref : 0
[2023-07-18 10:47:28.502504] [0x000070000cf2b000] [info]  native delete measurement point
[2023-07-18 10:47:28.502523] [0x000070000cf2b000] [info]  native delete elapsed time : 0 ms
[2023-07-18 10:47:28.502581] [0x000070000cf2b000] [info]  anysign.base_server.handle_close. index : 1, remote info : 127.0.0.1:59718
[2023-07-18 10:47:28.890024] [0x000070000cf2b000] [info]  handle_accept. remote info : 127.0.0.1:59734
[2023-07-18 10:47:28.890076] [0x000070000cf2b000] [info]  websocket handshake complete measurement point
[2023-07-18 10:47:28.899557] [0x000070000cf2b000] [info]  websocket handshake complete elapsed time : 9 ms
[2023-07-18 10:47:28.899597] [0x000070000cf2b000] [info]  anysign.base_server native origin : www.iros.go.kr
[2023-07-18 10:47:28.899612] [0x000070000cf2b000] [info]  anysign.base_server.handle_open index : 1, remote info : 127.0.0.1:59734
[2023-07-18 10:47:28.900851] [0x000070000cf2b000] [info]  websocket.connection.handle_read_frame complete recv frame data. opcode : 00000001
[2023-07-18 10:47:28.900882] [0x000070000cf2b000] [info]  anysign.base_server.jsonp_handle_input index : 1, data length : 9705
[2023-07-18 10:47:28.901210] [0x000070000cf2b000] [info]  anysign.base_server.native_create_by_websession native create (session:www.iros.go.kr,id:1,ref:1)
[2023-07-18 10:47:28.901232] [0x000070000cf2b000] [info]  native_check_version measurement point
[2023-07-18 10:47:28.901246] [0x000070000cf2b000] [info]  native_check_version ret : 00000000, elapsed time : 0 ms
[2023-07-18 10:47:28.901266] [0x000070000cf2b000] [info]  native_put_license_n measurement point
[2023-07-18 10:47:28.903558] [0x000070000cf2b000] [info]  native_put_license_n ret : 00000000, elapsed time : 2 ms
[2023-07-18 10:47:28.903599] [0x000070000cf2b000] [info]  native_put_license2_n measurement point
[2023-07-18 10:47:28.906908] [0x000070000cf2b000] [info]  native_put_license2_n ret : 00000000, elapsed time : 3 ms
[2023-07-18 10:47:28.907029] [0x000070000cf2b000] [info]  native_put_storage_n measurement point
[2023-07-18 10:47:28.907055] [0x000070000cf2b000] [info]  native_put_storage_n ret : 00000000, elapsed time : 0 ms
[2023-07-18 10:47:28.907074] [0x000070000cf2b000] [info]  native_put_language_n measurement point
[2023-07-18 10:47:28.907397] [0x000070000cf2b000] [info]  native_put_language_n ret : 00000000, elapsed time : 0 ms
[2023-07-18 10:47:28.907427] [0x000070000cf2b000] [info]  native_put_char_set_n measurement point
[2023-07-18 10:47:28.907448] [0x000070000cf2b000] [info]  native_put_char_set_n ret : 00000000, elapsed time : 0 ms
[2023-07-18 10:47:28.907469] [0x000070000cf2b000] [info]  native_put_proxy_usage_n measurement point
[2023-07-18 10:47:28.907487] [0x000070000cf2b000] [info]  native_put_proxy_usage_n ret : 00000000, elapsed time : 0 ms
[2023-07-18 10:47:28.907504] [0x000070000cf2b000] [info]  native_put_transkey_n measurement point
[2023-07-18 10:47:28.907520] [0x000070000cf2b000] [info]  native_put_transkey_n ret : 00000000, elapsed time : 0 ms
[2023-07-18 10:47:37.080332] [0x000070000cf2b000] [info]  websocket.connection.handle_read_frame complete recv frame data. opcode : 00000001
[2023-07-18 10:47:37.080400] [0x000070000cf2b000] [info]  anysign.base_server.jsonp_handle_input index : 1, data length : 766
[2023-07-18 10:47:37.080498] [0x000070000cf2b000] [info]  native_block_enc_2 measurement point
[2023-07-18 10:47:37.225513] [0x000070000cf2b000] [info]  native_block_enc_2 ret : 00000000, elapsed time : 145 ms
[2023-07-18 10:47:38.383960] [0x000070000cf2b000] [info]  handle_accept. remote info : 127.0.0.1:59745
[2023-07-18 10:47:38.384062] [0x000070000cf2b000] [info]  websocket handshake complete measurement point
[2023-07-18 10:47:38.395797] [0x000070000cf2b000] [info]  websocket handshake complete elapsed time : 11 ms
[2023-07-18 10:47:38.395869] [0x000070000cf2b000] [info]  anysign.base_server native origin : www.iros.go.kr
[2023-07-18 10:47:38.395890] [0x000070000cf2b000] [info]  anysign.base_server.handle_open index : 2, remote info : 127.0.0.1:59745
[2023-07-18 10:47:38.397290] [0x000070000cf2b000] [info]  websocket.connection.handle_read_frame complete recv frame data. opcode : 00000001
[2023-07-18 10:47:38.397333] [0x000070000cf2b000] [info]  anysign.base_server.jsonp_handle_input index : 2, data length : 9705
[2023-07-18 10:47:38.397789] [0x000070000cf2b000] [info]  anysign.base_server.native_create_by_websession native create (session:www.iros.go.kr,id:1,ref:2)
[2023-07-18 10:47:38.397825] [0x000070000cf2b000] [info]  native_check_version measurement point
[2023-07-18 10:47:38.397844] [0x000070000cf2b000] [info]  native_check_version ret : 00000000, elapsed time : 0 ms
[2023-07-18 10:47:38.397866] [0x000070000cf2b000] [info]  native_put_license_n measurement point
[2023-07-18 10:47:38.400855] [0x000070000cf2b000] [info]  native_put_license_n ret : 00000000, elapsed time : 2 ms
[2023-07-18 10:47:38.400927] [0x000070000cf2b000] [info]  native_put_license2_n measurement point
[2023-07-18 10:47:38.405372] [0x000070000cf2b000] [info]  native_put_license2_n ret : 00000000, elapsed time : 4 ms
[2023-07-18 10:47:38.405452] [0x000070000cf2b000] [info]  native_put_storage_n measurement point
[2023-07-18 10:47:38.405492] [0x000070000cf2b000] [info]  native_put_storage_n ret : 00000000, elapsed time : 0 ms
[2023-07-18 10:47:38.405520] [0x000070000cf2b000] [info]  native_put_language_n measurement point
[2023-07-18 10:47:38.405795] [0x000070000cf2b000] [info]  native_put_language_n ret : 00000000, elapsed time : 0 ms
[2023-07-18 10:47:38.405825] [0x000070000cf2b000] [info]  native_put_char_set_n measurement point
[2023-07-18 10:47:38.405847] [0x000070000cf2b000] [info]  native_put_char_set_n ret : 00000000, elapsed time : 0 ms
[2023-07-18 10:47:38.405880] [0x000070000cf2b000] [info]  native_put_proxy_usage_n measurement point
[2023-07-18 10:47:38.405899] [0x000070000cf2b000] [info]  native_put_proxy_usage_n ret : 00000000, elapsed time : 0 ms
[2023-07-18 10:47:38.405914] [0x000070000cf2b000] [info]  native_put_transkey_n measurement point
[2023-07-18 10:47:38.405929] [0x000070000cf2b000] [info]  native_put_transkey_n ret : 00000000, elapsed time : 0 ms
[2023-07-18 10:47:38.407149] [0x000070000cf2b000] [info]  websocket.connection.handle_read_frame complete recv frame data. opcode : 00000001
[2023-07-18 10:47:38.407183] [0x000070000cf2b000] [info]  anysign.base_server.jsonp_handle_input index : 2, data length : 21907
[2023-07-18 10:47:38.407924] [0x000070000cf2b000] [info]  native_block_dec_ex measurement point
[2023-07-18 10:47:38.507484] [0x000070000cf2b000] [info]  native_block_dec_ex ret : 00000000, elapsed time : 99 ms
[2023-07-18 10:47:38.508461] [0x000070000cf2b000] [info]  websocket.connection.handle_read_frame complete recv frame data. opcode : 00000001
[2023-07-18 10:47:38.508502] [0x000070000cf2b000] [info]  anysign.base_server.jsonp_handle_input index : 2, data length : 402
[2023-07-18 10:47:38.508633] [0x000070000cf2b000] [info]  native_block_dec_ex measurement point
[2023-07-18 10:47:38.586797] [0x000070000cf2b000] [info]  native_block_dec_ex ret : 00000000, elapsed time : 78 ms
[2023-07-18 10:47:52.895254] [0x000070000cf2b000] [info]  websocket.connection.handle_read_frame complete recv frame data. opcode : 00000001
[2023-07-18 10:47:52.895310] [0x000070000cf2b000] [info]  anysign.base_server.jsonp_handle_input index : 2, data length : 1870
[2023-07-18 10:47:52.895422] [0x000070000cf2b000] [info]  native_block_enc_2 measurement point
[2023-07-18 10:47:53.067367] [0x000070000cf2b000] [info]  native_block_enc_2 ret : 00000000, elapsed time : 171 ms
[2023-07-18 10:47:53.068856] [0x000070000cf2b000] [info]  websocket.connection.handle_read_frame complete recv frame data. opcode : 00000001
[2023-07-18 10:47:53.068902] [0x000070000cf2b000] [info]  anysign.base_server.jsonp_handle_input index : 2, data length : 921
[2023-07-18 10:47:53.069001] [0x000070000cf2b000] [info]  native_block_enc_2 measurement point
[2023-07-18 10:47:53.144840] [0x000070000cf2b000] [info]  native_block_enc_2 ret : 00000000, elapsed time : 75 ms
[2023-07-18 10:47:53.758123] [0x000070000cf2b000] [info]  websocket.connection.handle_read_frame complete recv frame data. opcode : 00000001
[2023-07-18 10:47:53.758168] [0x000070000cf2b000] [info]  anysign.base_server.jsonp_handle_input index : 2, data length : 486
[2023-07-18 10:47:53.758282] [0x000070000cf2b000] [error]  anysign.base_server.process_frame. (downloadFile) error : 00020005, message : not registered api
[2023-07-18 10:48:28.900017] [0x000070000cf2b000] [info]  websocket.connection.handle_read_frame complete recv frame data. opcode : 00000010
[2023-07-18 10:48:28.996655] [0x000070000cf2b000] [info]  websocket.connection.handle_read_frame complete recv frame data. opcode : 00000001
[2023-07-18 10:48:28.996710] [0x000070000cf2b000] [info]  anysign.base_server.jsonp_handle_input index : 1, data length : 767
[2023-07-18 10:48:28.996813] [0x000070000cf2b000] [info]  native_block_enc_2 measurement point
[2023-07-18 10:48:29.142247] [0x000070000cf2b000] [info]  native_block_enc_2 ret : 00000000, elapsed time : 145 ms
[2023-07-18 10:48:30.193010] [0x000070000cf2b000] [info]  handle_accept. remote info : 127.0.0.1:59792
[2023-07-18 10:48:30.193135] [0x000070000cf2b000] [info]  websocket handshake complete measurement point
[2023-07-18 10:48:30.211462] [0x000070000cf2b000] [info]  websocket handshake complete elapsed time : 18 ms
[2023-07-18 10:48:30.211608] [0x000070000cf2b000] [info]  anysign.base_server native origin : www.iros.go.kr
[2023-07-18 10:48:30.211641] [0x000070000cf2b000] [info]  anysign.base_server.handle_open index : 3, remote info : 127.0.0.1:59792
[2023-07-18 10:48:30.213846] [0x000070000cf2b000] [info]  websocket.connection.handle_read_frame complete recv frame data. opcode : 00000001
[2023-07-18 10:48:30.214185] [0x000070000cf2b000] [info]  anysign.base_server.jsonp_handle_input index : 3, data length : 9705
[2023-07-18 10:48:30.214768] [0x000070000cf2b000] [info]  anysign.base_server.native_create_by_websession native create (session:www.iros.go.kr,id:1,ref:3)
[2023-07-18 10:48:30.214809] [0x000070000cf2b000] [info]  native_check_version measurement point
[2023-07-18 10:48:30.214864] [0x000070000cf2b000] [info]  native_check_version ret : 00000000, elapsed time : 0 ms
[2023-07-18 10:48:30.214899] [0x000070000cf2b000] [info]  native_put_license_n measurement point
[2023-07-18 10:48:30.219320] [0x000070000cf2b000] [info]  native_put_license_n ret : 00000000, elapsed time : 4 ms
[2023-07-18 10:48:30.219394] [0x000070000cf2b000] [info]  native_put_license2_n measurement point
[2023-07-18 10:48:30.224480] [0x000070000cf2b000] [info]  native_put_license2_n ret : 00000000, elapsed time : 5 ms
[2023-07-18 10:48:30.224542] [0x000070000cf2b000] [info]  native_put_storage_n measurement point
[2023-07-18 10:48:30.224575] [0x000070000cf2b000] [info]  native_put_storage_n ret : 00000000, elapsed time : 0 ms
[2023-07-18 10:48:30.224598] [0x000070000cf2b000] [info]  native_put_language_n measurement point
[2023-07-18 10:48:30.224878] [0x000070000cf2b000] [info]  native_put_language_n ret : 00000000, elapsed time : 0 ms
[2023-07-18 10:48:30.224907] [0x000070000cf2b000] [info]  native_put_char_set_n measurement point
[2023-07-18 10:48:30.224929] [0x000070000cf2b000] [info]  native_put_char_set_n ret : 00000000, elapsed time : 0 ms
[2023-07-18 10:48:30.224960] [0x000070000cf2b000] [info]  native_put_proxy_usage_n measurement point
[2023-07-18 10:48:30.224981] [0x000070000cf2b000] [info]  native_put_proxy_usage_n ret : 00000000, elapsed time : 0 ms
[2023-07-18 10:48:30.224999] [0x000070000cf2b000] [info]  native_put_transkey_n measurement point
[2023-07-18 10:48:30.225017] [0x000070000cf2b000] [info]  native_put_transkey_n ret : 00000000, elapsed time : 0 ms
[2023-07-18 10:48:30.226593] [0x000070000cf2b000] [info]  websocket.connection.handle_read_frame complete recv frame data. opcode : 00000001
[2023-07-18 10:48:30.226642] [0x000070000cf2b000] [info]  anysign.base_server.jsonp_handle_input index : 3, data length : 21907
[2023-07-18 10:48:30.227735] [0x000070000cf2b000] [info]  native_block_dec_ex measurement point
[2023-07-18 10:48:30.319732] [0x000070000cf2b000] [info]  native_block_dec_ex ret : 00000000, elapsed time : 91 ms
[2023-07-18 10:48:30.320271] [0x000070000cf2b000] [info]  websocket.connection.handle_read_frame complete recv frame data. opcode : 00000001
[2023-07-18 10:48:30.320303] [0x000070000cf2b000] [info]  anysign.base_server.jsonp_handle_input index : 3, data length : 403
[2023-07-18 10:48:30.320511] [0x000070000cf2b000] [info]  native_block_dec_ex measurement point
[2023-07-18 10:48:30.402605] [0x000070000cf2b000] [info]  native_block_dec_ex ret : 00000000, elapsed time : 82 ms
[2023-07-18 10:48:35.245323] [0x000070000cf2b000] [info]  websocket.connection.handle_read_frame complete recv frame data. opcode : 00000001
[2023-07-18 10:48:35.245377] [0x000070000cf2b000] [info]  anysign.base_server.jsonp_handle_input index : 3, data length : 1870
[2023-07-18 10:48:35.245498] [0x000070000cf2b000] [info]  native_block_enc_2 measurement point
[2023-07-18 10:48:35.560715] [0x000070000cf2b000] [info]  native_block_enc_2 ret : 00000000, elapsed time : 315 ms
[2023-07-18 10:48:35.562797] [0x000070000cf2b000] [info]  websocket.connection.handle_read_frame complete recv frame data. opcode : 00000001
[2023-07-18 10:48:35.562855] [0x000070000cf2b000] [info]  anysign.base_server.jsonp_handle_input index : 3, data length : 921
[2023-07-18 10:48:35.563021] [0x000070000cf2b000] [info]  native_block_enc_2 measurement point
[2023-07-18 10:48:35.693781] [0x000070000cf2b000] [info]  native_block_enc_2 ret : 00000000, elapsed time : 130 ms
[2023-07-18 10:48:36.238424] [0x000070000cf2b000] [info]  websocket.connection.handle_read_frame complete recv frame data. opcode : 00000001
[2023-07-18 10:48:36.238478] [0x000070000cf2b000] [info]  anysign.base_server.jsonp_handle_input index : 3, data length : 490
[2023-07-18 10:48:36.238581] [0x000070000cf2b000] [error]  anysign.base_server.process_frame. (downloadFile) error : 00020005, message : not registered api
[2023-07-18 10:48:38.396286] [0x000070000cf2b000] [info]  websocket.connection.handle_read_frame complete recv frame data. opcode : 00000010
[2023-07-18 10:49:08.157183] [0x000070000cf2b000] [info]  ------------- tls connection -------------
[2023-07-18 10:49:08.157241] [0x000070000cf2b000] [info]  index : 2, remote : 127.0.0.1:59745
[2023-07-18 10:49:08.157260] [0x000070000cf2b000] [info]  index : 1, remote : 127.0.0.1:59734
[2023-07-18 10:49:08.157274] [0x000070000cf2b000] [info]  index : 3, remote : 127.0.0.1:59792
[2023-07-18 10:49:08.157288] [0x000070000cf2b000] [info]  ------------------------------------------
[2023-07-18 10:49:28.901381] [0x000070000cf2b000] [info]  websocket.connection.handle_read_frame complete recv frame data. opcode : 00000010
[2023-07-18 10:49:30.212724] [0x000070000cf2b000] [info]  websocket.connection.handle_read_frame complete recv frame data. opcode : 00000010
[2023-07-18 10:49:38.397306] [0x000070000cf2b000] [info]  websocket.connection.handle_read_frame complete recv frame data. opcode : 00000010
[2023-07-18 10:49:49.660690] [0x000070000cf2b000] [info]  websocket.connection.handle_read_frame complete recv frame data. opcode : 00000001
[2023-07-18 10:49:49.660752] [0x000070000cf2b000] [info]  anysign.base_server.jsonp_handle_input index : 3, data length : 1870
[2023-07-18 10:49:49.660899] [0x000070000cf2b000] [info]  native_block_enc_2 measurement point
[2023-07-18 10:49:49.793853] [0x000070000cf2b000] [info]  native_block_enc_2 ret : 00000000, elapsed time : 132 ms
[2023-07-18 10:49:49.795083] [0x000070000cf2b000] [info]  websocket.connection.handle_read_frame complete recv frame data. opcode : 00000001
[2023-07-18 10:49:49.795121] [0x000070000cf2b000] [info]  anysign.base_server.jsonp_handle_input index : 3, data length : 933
[2023-07-18 10:49:49.795219] [0x000070000cf2b000] [info]  native_block_enc_2 measurement point
[2023-07-18 10:49:49.869605] [0x000070000cf2b000] [info]  native_block_enc_2 ret : 00000000, elapsed time : 74 ms
[2023-07-18 10:49:50.387990] [0x000070000cf2b000] [info]  websocket.connection.handle_read_frame complete recv frame data. opcode : 00000001
[2023-07-18 10:49:50.388102] [0x000070000cf2b000] [info]  anysign.base_server.jsonp_handle_input index : 3, data length : 490
[2023-07-18 10:49:50.388234] [0x000070000cf2b000] [error]  anysign.base_server.process_frame. (downloadFile) error : 00020005, message : not registered api
[2023-07-18 10:50:28.902662] [0x000070000cf2b000] [info]  websocket.connection.handle_read_frame complete recv frame data. opcode : 00000010
[2023-07-18 10:50:30.213733] [0x000070000cf2b000] [info]  websocket.connection.handle_read_frame complete recv frame data. opcode : 00000010
[2023-07-18 10:50:38.398773] [0x000070000cf2b000] [info]  websocket.connection.handle_read_frame complete recv frame data. opcode : 00000010
[2023-07-18 10:51:18.157532] [0x000070000cf2b000] [info]  ------------- tls connection -------------
[2023-07-18 10:51:18.157613] [0x000070000cf2b000] [info]  index : 2, remote : 127.0.0.1:59745
[2023-07-18 10:51:18.157647] [0x000070000cf2b000] [info]  index : 1, remote : 127.0.0.1:59734
[2023-07-18 10:51:18.157673] [0x000070000cf2b000] [info]  index : 3, remote : 127.0.0.1:59792
[2023-07-18 10:51:18.157698] [0x000070000cf2b000] [info]  ------------------------------------------
[2023-07-18 10:51:28.903263] [0x000070000cf2b000] [info]  websocket.connection.handle_read_frame complete recv frame data. opcode : 00000010
[2023-07-18 10:51:30.215248] [0x000070000cf2b000] [info]  websocket.connection.handle_read_frame complete recv frame data. opcode : 00000010
[2023-07-18 10:51:38.400050] [0x000070000cf2b000] [info]  websocket.connection.handle_read_frame complete recv frame data. opcode : 00000010
[2023-07-18 10:52:28.903889] [0x000070000cf2b000] [info]  websocket.connection.handle_read_frame complete recv frame data. opcode : 00000010
[2023-07-18 10:52:30.216373] [0x000070000cf2b000] [info]  websocket.connection.handle_read_frame complete recv frame data. opcode : 00000010
[2023-07-18 10:52:38.400480] [0x000070000cf2b000] [info]  websocket.connection.handle_read_frame complete recv frame data. opcode : 00000010
[2023-07-18 10:53:28.157953] [0x000070000cf2b000] [info]  ------------- tls connection -------------
[2023-07-18 10:53:28.158042] [0x000070000cf2b000] [info]  index : 2, remote : 127.0.0.1:59745
[2023-07-18 10:53:28.158077] [0x000070000cf2b000] [info]  index : 1, remote : 127.0.0.1:59734
[2023-07-18 10:53:28.158103] [0x000070000cf2b000] [info]  index : 3, remote : 127.0.0.1:59792
[2023-07-18 10:53:28.158127] [0x000070000cf2b000] [info]  ------------------------------------------
[2023-07-18 10:53:28.904613] [0x000070000cf2b000] [info]  websocket.connection.handle_read_frame complete recv frame data. opcode : 00000010
[2023-07-18 10:53:30.217918] [0x000070000cf2b000] [info]  websocket.connection.handle_read_frame complete recv frame data. opcode : 00000010
[2023-07-18 10:53:38.401057] [0x000070000cf2b000] [info]  websocket.connection.handle_read_frame complete recv frame data. opcode : 00000010
[2023-07-18 10:54:28.906127] [0x000070000cf2b000] [info]  websocket.connection.handle_read_frame complete recv frame data. opcode : 00000010
[2023-07-18 10:54:30.218404] [0x000070000cf2b000] [info]  websocket.connection.handle_read_frame complete recv frame data. opcode : 00000010
[2023-07-18 10:54:38.401443] [0x000070000cf2b000] [info]  websocket.connection.handle_read_frame complete recv frame data. opcode : 00000010
[2023-07-18 10:55:28.906714] [0x000070000cf2b000] [info]  websocket.connection.handle_read_frame complete recv frame data. opcode : 00000010
[2023-07-18 10:55:30.219881] [0x000070000cf2b000] [info]  websocket.connection.handle_read_frame complete recv frame data. opcode : 00000010
[2023-07-18 10:55:38.158212] [0x000070000cf2b000] [info]  ------------- tls connection -------------
[2023-07-18 10:55:38.158265] [0x000070000cf2b000] [info]  index : 2, remote : 127.0.0.1:59745
[2023-07-18 10:55:38.158290] [0x000070000cf2b000] [info]  index : 1, remote : 127.0.0.1:59734
[2023-07-18 10:55:38.158311] [0x000070000cf2b000] [info]  index : 3, remote : 127.0.0.1:59792
[2023-07-18 10:55:38.158330] [0x000070000cf2b000] [info]  ------------------------------------------
[2023-07-18 10:55:38.401840] [0x000070000cf2b000] [info]  websocket.connection.handle_read_frame complete recv frame data. opcode : 00000010
[2023-07-18 10:56:28.907290] [0x000070000cf2b000] [info]  websocket.connection.handle_read_frame complete recv frame data. opcode : 00000010
[2023-07-18 10:56:30.220591] [0x000070000cf2b000] [info]  websocket.connection.handle_read_frame complete recv frame data. opcode : 00000010
[2023-07-18 10:56:38.402416] [0x000070000cf2b000] [info]  websocket.connection.handle_read_frame complete recv frame data. opcode : 00000010
[2023-07-18 10:57:28.908642] [0x000070000cf2b000] [info]  websocket.connection.handle_read_frame complete recv frame data. opcode : 00000010
[2023-07-18 10:57:30.221168] [0x000070000cf2b000] [info]  websocket.connection.handle_read_frame complete recv frame data. opcode : 00000010
[2023-07-18 10:57:38.402805] [0x000070000cf2b000] [info]  websocket.connection.handle_read_frame complete recv frame data. opcode : 00000010
[2023-07-18 10:57:48.158429] [0x000070000cf2b000] [info]  ------------- tls connection -------------
[2023-07-18 10:57:48.158515] [0x000070000cf2b000] [info]  index : 2, remote : 127.0.0.1:59745
[2023-07-18 10:57:48.158548] [0x000070000cf2b000] [info]  index : 1, remote : 127.0.0.1:59734
[2023-07-18 10:57:48.158574] [0x000070000cf2b000] [info]  index : 3, remote : 127.0.0.1:59792
[2023-07-18 10:57:48.158598] [0x000070000cf2b000] [info]  ------------------------------------------
[2023-07-18 10:58:28.909454] [0x000070000cf2b000] [info]  websocket.connection.handle_read_frame complete recv frame data. opcode : 00000010
[2023-07-18 10:58:30.221549] [0x000070000cf2b000] [info]  websocket.connection.handle_read_frame complete recv frame data. opcode : 00000010
[2023-07-18 10:58:38.404163] [0x000070000cf2b000] [info]  websocket.connection.handle_read_frame complete recv frame data. opcode : 00000010
[2023-07-18 10:59:28.910010] [0x000070000cf2b000] [info]  websocket.connection.handle_read_frame complete recv frame data. opcode : 00000010
[2023-07-18 10:59:30.222434] [0x000070000cf2b000] [info]  websocket.connection.handle_read_frame complete recv frame data. opcode : 00000010
[2023-07-18 10:59:38.405654] [0x000070000cf2b000] [info]  websocket.connection.handle_read_frame complete recv frame data. opcode : 00000010
[2023-07-18 10:59:58.159733] [0x000070000cf2b000] [info]  ------------- tls connection -------------
[2023-07-18 10:59:58.159801] [0x000070000cf2b000] [info]  index : 2, remote : 127.0.0.1:59745
[2023-07-18 10:59:58.159827] [0x000070000cf2b000] [info]  index : 1, remote : 127.0.0.1:59734
[2023-07-18 10:59:58.159847] [0x000070000cf2b000] [info]  index : 3, remote : 127.0.0.1:59792
[2023-07-18 10:59:58.159867] [0x000070000cf2b000] [info]  ------------------------------------------
[2023-07-18 11:00:28.910611] [0x000070000cf2b000] [info]  websocket.connection.handle_read_frame complete recv frame data. opcode : 00000010
[2023-07-18 11:00:30.223570] [0x000070000cf2b000] [info]  websocket.connection.handle_read_frame complete recv frame data. opcode : 00000010
[2023-07-18 11:00:38.406185] [0x000070000cf2b000] [info]  websocket.connection.handle_read_frame complete recv frame data. opcode : 00000010
[2023-07-18 11:00:52.663937] [0x000070000cf2b000] [info]  websocket.connection.handle_read_frame complete recv frame data. opcode : 00000008
[2023-07-18 11:00:52.664118] [0x000070000cf2b000] [error]  websocket.connection.handle_read_frame error : 00000011, message : tls short read
[2023-07-18 11:00:52.664308] [0x000070000cf2b000] [info]  transport.connection.handle_async_write error : 336396495, message : protocol is shutdown
[2023-07-18 11:00:52.664359] [0x000070000cf2b000] [fatal]  websocket.connection.handle_write_frame error : 00000003, message : underlying transport error
[2023-07-18 11:00:52.664442] [0x000070000cf2b000] [info]  handle_async_shutdown error : 00000054, message : Connection reset by peer
[2023-07-18 11:00:52.664477] [0x000070000cf2b000] [info]  websocket.connection.handle_terminate error : 00000003, message : underlying transport error
[2023-07-18 11:00:52.664527] [0x000070000cf2b000] [info]  anysign.base_server.handle_close. session id : 1, session ref : 2
[2023-07-18 11:00:52.664599] [0x000070000cf2b000] [info]  native delete measurement point
[2023-07-18 11:00:52.664645] [0x000070000cf2b000] [info]  native delete elapsed time : 0 ms
[2023-07-18 11:00:52.664665] [0x000070000cf2b000] [info]  anysign.base_server.handle_close. index : 3, remote info : 127.0.0.1:59792
[2023-07-18 11:00:55.173046] [0x000070000cf2b000] [info]  websocket.connection.handle_read_frame complete recv frame data. opcode : 00000008
[2023-07-18 11:00:55.173208] [0x000070000cf2b000] [error]  websocket.connection.handle_read_frame error : 00000011, message : tls short read
[2023-07-18 11:00:55.173364] [0x000070000cf2b000] [info]  transport.connection.handle_async_write error : 336396495, message : protocol is shutdown
[2023-07-18 11:00:55.173450] [0x000070000cf2b000] [fatal]  websocket.connection.handle_write_frame error : 00000003, message : underlying transport error
[2023-07-18 11:00:55.173589] [0x000070000cf2b000] [info]  handle_async_shutdown error : 00000054, message : Connection reset by peer
[2023-07-18 11:00:55.173635] [0x000070000cf2b000] [info]  websocket.connection.handle_terminate error : 00000003, message : underlying transport error
[2023-07-18 11:00:55.173695] [0x000070000cf2b000] [info]  anysign.base_server.handle_close. session id : 1, session ref : 1
[2023-07-18 11:00:55.173738] [0x000070000cf2b000] [info]  native delete measurement point
[2023-07-18 11:00:55.173792] [0x000070000cf2b000] [info]  native delete elapsed time : 0 ms
[2023-07-18 11:00:55.173815] [0x000070000cf2b000] [info]  anysign.base_server.handle_close. index : 1, remote info : 127.0.0.1:59734
[2023-07-18 11:00:55.750414] [0x000070000cf2b000] [info]  handle_accept. remote info : 127.0.0.1:59950
[2023-07-18 11:00:55.750484] [0x000070000cf2b000] [info]  websocket handshake complete measurement point
[2023-07-18 11:00:55.766156] [0x000070000cf2b000] [info]  websocket handshake complete elapsed time : 15 ms
[2023-07-18 11:00:55.766246] [0x000070000cf2b000] [info]  anysign.base_server native origin : www.iros.go.kr
[2023-07-18 11:00:55.766280] [0x000070000cf2b000] [info]  anysign.base_server.handle_open index : 1, remote info : 127.0.0.1:59950
[2023-07-18 11:00:55.767690] [0x000070000cf2b000] [info]  websocket.connection.handle_read_frame complete recv frame data. opcode : 00000001
[2023-07-18 11:00:55.767734] [0x000070000cf2b000] [info]  anysign.base_server.jsonp_handle_input index : 1, data length : 9705
[2023-07-18 11:00:55.768259] [0x000070000cf2b000] [info]  anysign.base_server.native_create_by_websession native create (session:www.iros.go.kr,id:1,ref:2)
[2023-07-18 11:00:55.768318] [0x000070000cf2b000] [info]  native_check_version measurement point
[2023-07-18 11:00:55.768372] [0x000070000cf2b000] [info]  native_check_version ret : 00000000, elapsed time : 0 ms
[2023-07-18 11:00:55.768401] [0x000070000cf2b000] [info]  native_put_license_n measurement point
[2023-07-18 11:00:55.772324] [0x000070000cf2b000] [info]  native_put_license_n ret : 00000000, elapsed time : 3 ms
[2023-07-18 11:00:55.772389] [0x000070000cf2b000] [info]  native_put_license2_n measurement point
[2023-07-18 11:00:55.776949] [0x000070000cf2b000] [info]  native_put_license2_n ret : 00000000, elapsed time : 4 ms
[2023-07-18 11:00:55.776985] [0x000070000cf2b000] [info]  native_put_storage_n measurement point
[2023-07-18 11:00:55.777007] [0x000070000cf2b000] [info]  native_put_storage_n ret : 00000000, elapsed time : 0 ms
[2023-07-18 11:00:55.777026] [0x000070000cf2b000] [info]  native_put_language_n measurement point
[2023-07-18 11:00:55.778109] [0x000070000cf2b000] [info]  native_put_language_n ret : 00000000, elapsed time : 1 ms
[2023-07-18 11:00:55.778171] [0x000070000cf2b000] [info]  native_put_char_set_n measurement point
[2023-07-18 11:00:55.778221] [0x000070000cf2b000] [info]  native_put_char_set_n ret : 00000000, elapsed time : 0 ms
[2023-07-18 11:00:55.778273] [0x000070000cf2b000] [info]  native_put_proxy_usage_n measurement point
[2023-07-18 11:00:55.778306] [0x000070000cf2b000] [info]  native_put_proxy_usage_n ret : 00000000, elapsed time : 0 ms
[2023-07-18 11:00:55.778336] [0x000070000cf2b000] [info]  native_put_transkey_n measurement point
[2023-07-18 11:00:55.778367] [0x000070000cf2b000] [info]  native_put_transkey_n ret : 00000000, elapsed time : 0 ms
[2023-07-18 11:00:57.887915] [0x000070000cf2b000] [info]  websocket.connection.handle_read_frame complete recv frame data. opcode : 00000001
[2023-07-18 11:00:57.888006] [0x000070000cf2b000] [info]  anysign.base_server.jsonp_handle_input index : 1, data length : 735
[2023-07-18 11:00:57.888179] [0x000070000cf2b000] [info]  native_block_enc_2 measurement point
[2023-07-18 11:00:58.085256] [0x000070000cf2b000] [info]  native_block_enc_2 ret : 00000000, elapsed time : 197 ms
[2023-07-18 11:00:58.181044] [0x000070000cf2b000] [info]  websocket.connection.handle_read_frame complete recv frame data. opcode : 00000008
[2023-07-18 11:00:58.181273] [0x000070000cf2b000] [error]  websocket.connection.handle_read_frame error : 00000011, message : tls short read
[2023-07-18 11:00:58.181426] [0x000070000cf2b000] [info]  transport.connection.handle_async_write error : 336396495, message : protocol is shutdown
[2023-07-18 11:00:58.181485] [0x000070000cf2b000] [fatal]  websocket.connection.handle_write_frame error : 00000003, message : underlying transport error
[2023-07-18 11:00:58.181574] [0x000070000cf2b000] [info]  handle_async_shutdown error : 00000054, message : Connection reset by peer
[2023-07-18 11:00:58.181610] [0x000070000cf2b000] [info]  websocket.connection.handle_terminate error : 00000003, message : underlying transport error
[2023-07-18 11:00:58.181663] [0x000070000cf2b000] [info]  anysign.base_server.handle_close. session id : 1, session ref : 1
[2023-07-18 11:00:58.181683] [0x000070000cf2b000] [info]  native delete measurement point
[2023-07-18 11:00:58.181698] [0x000070000cf2b000] [info]  native delete elapsed time : 0 ms
[2023-07-18 11:00:58.181712] [0x000070000cf2b000] [info]  anysign.base_server.handle_close. index : 1, remote info : 127.0.0.1:59950
[2023-07-18 11:00:58.630352] [0x000070000cf2b000] [info]  handle_accept. remote info : 127.0.0.1:59955
[2023-07-18 11:00:58.630407] [0x000070000cf2b000] [info]  websocket handshake complete measurement point
[2023-07-18 11:00:58.645378] [0x000070000cf2b000] [info]  websocket handshake complete elapsed time : 14 ms
[2023-07-18 11:00:58.645430] [0x000070000cf2b000] [info]  anysign.base_server native origin : www.iros.go.kr
[2023-07-18 11:00:58.645447] [0x000070000cf2b000] [info]  anysign.base_server.handle_open index : 1, remote info : 127.0.0.1:59955
[2023-07-18 11:00:58.647337] [0x000070000cf2b000] [info]  websocket.connection.handle_read_frame complete recv frame data. opcode : 00000001
[2023-07-18 11:00:58.647398] [0x000070000cf2b000] [info]  anysign.base_server.jsonp_handle_input index : 1, data length : 9705
[2023-07-18 11:00:58.647798] [0x000070000cf2b000] [info]  anysign.base_server.native_create_by_websession native create (session:www.iros.go.kr,id:1,ref:2)
[2023-07-18 11:00:58.647820] [0x000070000cf2b000] [info]  native_check_version measurement point
[2023-07-18 11:00:58.647835] [0x000070000cf2b000] [info]  native_check_version ret : 00000000, elapsed time : 0 ms
[2023-07-18 11:00:58.647854] [0x000070000cf2b000] [info]  native_put_license_n measurement point
[2023-07-18 11:00:58.650466] [0x000070000cf2b000] [info]  native_put_license_n ret : 00000000, elapsed time : 2 ms
[2023-07-18 11:00:58.650508] [0x000070000cf2b000] [info]  native_put_license2_n measurement point
[2023-07-18 11:00:58.654723] [0x000070000cf2b000] [info]  native_put_license2_n ret : 00000000, elapsed time : 4 ms
[2023-07-18 11:00:58.654789] [0x000070000cf2b000] [info]  native_put_storage_n measurement point
[2023-07-18 11:00:58.654829] [0x000070000cf2b000] [info]  native_put_storage_n ret : 00000000, elapsed time : 0 ms
[2023-07-18 11:00:58.654862] [0x000070000cf2b000] [info]  native_put_language_n measurement point
[2023-07-18 11:00:58.655247] [0x000070000cf2b000] [info]  native_put_language_n ret : 00000000, elapsed time : 0 ms
[2023-07-18 11:00:58.655342] [0x000070000cf2b000] [info]  native_put_char_set_n measurement point
[2023-07-18 11:00:58.655451] [0x000070000cf2b000] [info]  native_put_char_set_n ret : 00000000, elapsed time : 0 ms
[2023-07-18 11:00:58.655520] [0x000070000cf2b000] [info]  native_put_proxy_usage_n measurement point
[2023-07-18 11:00:58.655584] [0x000070000cf2b000] [info]  native_put_proxy_usage_n ret : 00000000, elapsed time : 0 ms
[2023-07-18 11:00:58.655622] [0x000070000cf2b000] [info]  native_put_transkey_n measurement point
[2023-07-18 11:00:58.655654] [0x000070000cf2b000] [info]  native_put_transkey_n ret : 00000000, elapsed time : 0 ms
[2023-07-18 11:00:58.656617] [0x000070000cf2b000] [info]  websocket.connection.handle_read_frame complete recv frame data. opcode : 00000001
[2023-07-18 11:00:58.656678] [0x000070000cf2b000] [info]  anysign.base_server.jsonp_handle_input index : 1, data length : 403
[2023-07-18 11:00:58.656812] [0x000070000cf2b000] [info]  native_block_dec_ex measurement point
[2023-07-18 11:00:58.761256] [0x000070000cf2b000] [info]  native_block_dec_ex ret : 00000000, elapsed time : 104 ms
[2023-07-18 11:01:32.004430] [0x000070000cf2b000] [info]  websocket.connection.handle_read_frame complete recv frame data. opcode : 00000001
[2023-07-18 11:01:32.004493] [0x000070000cf2b000] [info]  anysign.base_server.jsonp_handle_input index : 1, data length : 872
[2023-07-18 11:01:32.004588] [0x000070000cf2b000] [info]  native_block_enc_2 measurement point
[2023-07-18 11:01:32.141104] [0x000070000cf2b000] [info]  native_block_enc_2 ret : 00000000, elapsed time : 136 ms
[2023-07-18 11:01:34.753125] [0x000070000cf2b000] [info]  handle_accept. remote info : 127.0.0.1:59968
[2023-07-18 11:01:34.753201] [0x000070000cf2b000] [info]  websocket handshake complete measurement point
[2023-07-18 11:01:34.765157] [0x000070000cf2b000] [info]  websocket handshake complete elapsed time : 11 ms
[2023-07-18 11:01:34.765347] [0x000070000cf2b000] [info]  anysign.base_server native origin : www.iros.go.kr
[2023-07-18 11:01:34.765383] [0x000070000cf2b000] [info]  anysign.base_server.handle_open index : 3, remote info : 127.0.0.1:59968
[2023-07-18 11:01:34.767784] [0x000070000cf2b000] [info]  websocket.connection.handle_read_frame complete recv frame data. opcode : 00000001
[2023-07-18 11:01:34.767884] [0x000070000cf2b000] [info]  anysign.base_server.jsonp_handle_input index : 3, data length : 9705
[2023-07-18 11:01:34.768392] [0x000070000cf2b000] [info]  anysign.base_server.native_create_by_websession native create (session:www.iros.go.kr,id:1,ref:3)
[2023-07-18 11:01:34.768438] [0x000070000cf2b000] [info]  native_check_version measurement point
[2023-07-18 11:01:34.768466] [0x000070000cf2b000] [info]  native_check_version ret : 00000000, elapsed time : 0 ms
[2023-07-18 11:01:34.768498] [0x000070000cf2b000] [info]  native_put_license_n measurement point
[2023-07-18 11:01:34.771960] [0x000070000cf2b000] [info]  native_put_license_n ret : 00000000, elapsed time : 3 ms
[2023-07-18 11:01:34.772022] [0x000070000cf2b000] [info]  native_put_license2_n measurement point
[2023-07-18 11:01:34.775108] [0x000070000cf2b000] [info]  native_put_license2_n ret : 00000000, elapsed time : 3 ms
[2023-07-18 11:01:34.775145] [0x000070000cf2b000] [info]  native_put_storage_n measurement point
[2023-07-18 11:01:34.775168] [0x000070000cf2b000] [info]  native_put_storage_n ret : 00000000, elapsed time : 0 ms
[2023-07-18 11:01:34.775188] [0x000070000cf2b000] [info]  native_put_language_n measurement point
[2023-07-18 11:01:34.775439] [0x000070000cf2b000] [info]  native_put_language_n ret : 00000000, elapsed time : 0 ms
[2023-07-18 11:01:34.775466] [0x000070000cf2b000] [info]  native_put_char_set_n measurement point
[2023-07-18 11:01:34.775487] [0x000070000cf2b000] [info]  native_put_char_set_n ret : 00000000, elapsed time : 0 ms
[2023-07-18 11:01:34.775506] [0x000070000cf2b000] [info]  native_put_proxy_usage_n measurement point
[2023-07-18 11:01:34.775524] [0x000070000cf2b000] [info]  native_put_proxy_usage_n ret : 00000000, elapsed time : 0 ms
[2023-07-18 11:01:34.775541] [0x000070000cf2b000] [info]  native_put_transkey_n measurement point
[2023-07-18 11:01:34.775559] [0x000070000cf2b000] [info]  native_put_transkey_n ret : 00000000, elapsed time : 0 ms
[2023-07-18 11:01:34.776920] [0x000070000cf2b000] [info]  websocket.connection.handle_read_frame complete recv frame data. opcode : 00000001
[2023-07-18 11:01:34.776954] [0x000070000cf2b000] [info]  anysign.base_server.jsonp_handle_input index : 3, data length : 29351
[2023-07-18 11:01:34.777797] [0x000070000cf2b000] [info]  native_block_dec_ex measurement point
[2023-07-18 11:01:34.885924] [0x000070000cf2b000] [info]  native_block_dec_ex ret : 00000000, elapsed time : 108 ms
[2023-07-18 11:01:34.886894] [0x000070000cf2b000] [info]  websocket.connection.handle_read_frame complete recv frame data. opcode : 00000001
[2023-07-18 11:01:34.886938] [0x000070000cf2b000] [info]  anysign.base_server.jsonp_handle_input index : 3, data length : 403
[2023-07-18 11:01:34.887046] [0x000070000cf2b000] [info]  native_block_dec_ex measurement point
[2023-07-18 11:01:34.971010] [0x000070000cf2b000] [info]  native_block_dec_ex ret : 00000000, elapsed time : 83 ms
[2023-07-18 11:01:38.406714] [0x000070000cf2b000] [info]  websocket.connection.handle_read_frame complete recv frame data. opcode : 00000010
[2023-07-18 11:01:58.646696] [0x000070000cf2b000] [info]  websocket.connection.handle_read_frame complete recv frame data. opcode : 00000010
[2023-07-18 11:02:08.160962] [0x000070000cf2b000] [info]  ------------- tls connection -------------
[2023-07-18 11:02:08.161054] [0x000070000cf2b000] [info]  index : 2, remote : 127.0.0.1:59745
[2023-07-18 11:02:08.161119] [0x000070000cf2b000] [info]  index : 3, remote : 127.0.0.1:59968
[2023-07-18 11:02:08.161144] [0x000070000cf2b000] [info]  index : 1, remote : 127.0.0.1:59955
[2023-07-18 11:02:08.161165] [0x000070000cf2b000] [info]  ------------------------------------------
[2023-07-18 11:02:34.070704] [0x000070000cf2b000] [info]  websocket.connection.handle_read_frame complete recv frame data. opcode : 00000001
[2023-07-18 11:02:34.070770] [0x000070000cf2b000] [info]  anysign.base_server.jsonp_handle_input index : 3, data length : 1870
[2023-07-18 11:02:34.070893] [0x000070000cf2b000] [info]  native_block_enc_2 measurement point
[2023-07-18 11:02:34.218047] [0x000070000cf2b000] [info]  native_block_enc_2 ret : 00000000, elapsed time : 147 ms
[2023-07-18 11:02:34.218382] [0x000070000cf2b000] [info]  websocket.connection.handle_read_frame complete recv frame data. opcode : 00000008
[2023-07-18 11:02:34.218513] [0x000070000cf2b000] [error]  websocket.connection.handle_read_frame error : 00000003, message : underlying transport error
[2023-07-18 11:02:34.218593] [0x000070000cf2b000] [info]  transport.connection.handle_async_write error : 00000032, message : Broken pipe
[2023-07-18 11:02:34.218620] [0x000070000cf2b000] [fatal]  websocket.connection.handle_write_frame error : 00000003, message : underlying transport error
[2023-07-18 11:02:34.218713] [0x000070000cf2b000] [info]  websocket.connection.handle_terminate error : 00000011, message : tls short read
[2023-07-18 11:02:34.218765] [0x000070000cf2b000] [info]  anysign.base_server.handle_close. session id : 1, session ref : 2
[2023-07-18 11:02:34.218787] [0x000070000cf2b000] [info]  native delete measurement point
[2023-07-18 11:02:34.218804] [0x000070000cf2b000] [info]  native delete elapsed time : 0 ms
[2023-07-18 11:02:34.218820] [0x000070000cf2b000] [info]  anysign.base_server.handle_close. index : 3, remote info : 127.0.0.1:59968
[2023-07-18 11:02:37.006678] [0x000070000cf2b000] [info]  websocket.connection.handle_read_frame complete recv frame data. opcode : 00000008
[2023-07-18 11:02:37.006822] [0x000070000cf2b000] [error]  websocket.connection.handle_read_frame error : 00000011, message : tls short read
[2023-07-18 11:02:37.006995] [0x000070000cf2b000] [info]  transport.connection.handle_async_write error : 336396495, message : protocol is shutdown
[2023-07-18 11:02:37.007043] [0x000070000cf2b000] [fatal]  websocket.connection.handle_write_frame error : 00000003, message : underlying transport error
[2023-07-18 11:02:37.007114] [0x000070000cf2b000] [info]  handle_async_shutdown error : 00000054, message : Connection reset by peer
[2023-07-18 11:02:37.007154] [0x000070000cf2b000] [info]  websocket.connection.handle_terminate error : 00000003, message : underlying transport error
[2023-07-18 11:02:37.007183] [0x000070000cf2b000] [info]  anysign.base_server.handle_close. session id : 1, session ref : 1
[2023-07-18 11:02:37.007201] [0x000070000cf2b000] [info]  native delete measurement point
[2023-07-18 11:02:37.007219] [0x000070000cf2b000] [info]  native delete elapsed time : 0 ms
[2023-07-18 11:02:37.007235] [0x000070000cf2b000] [info]  anysign.base_server.handle_close. index : 1, remote info : 127.0.0.1:59955
[2023-07-18 11:02:38.079691] [0x000070000cf2b000] [info]  websocket.connection.handle_read_frame complete recv frame data. opcode : 00000008
[2023-07-18 11:02:38.079934] [0x000070000cf2b000] [error]  websocket.connection.handle_read_frame error : 00000011, message : tls short read
[2023-07-18 11:02:38.080128] [0x000070000cf2b000] [info]  transport.connection.handle_async_write error : 336396495, message : protocol is shutdown
[2023-07-18 11:02:38.080242] [0x000070000cf2b000] [fatal]  websocket.connection.handle_write_frame error : 00000003, message : underlying transport error
[2023-07-18 11:02:38.080349] [0x000070000cf2b000] [info]  handle_async_shutdown error : 00000054, message : Connection reset by peer
[2023-07-18 11:02:38.080468] [0x000070000cf2b000] [info]  websocket.connection.handle_terminate error : 00000003, message : underlying transport error
[2023-07-18 11:02:38.080543] [0x000070000cf2b000] [info]  anysign.base_server.handle_close. session id : 1, session ref : 0
[2023-07-18 11:02:38.080583] [0x000070000cf2b000] [info]  native delete measurement point
[2023-07-18 11:02:38.080626] [0x000070000cf2b000] [info]  native delete elapsed time : 0 ms
[2023-07-18 11:02:38.080662] [0x000070000cf2b000] [info]  anysign.base_server.handle_close. index : 2, remote info : 127.0.0.1:59745
[2023-07-18 11:03:09.826783] [0x00007ff8541e24c0] [info]  anysign.shutdown_session_strategy : begin server shutdown
[2023-07-18 11:03:09.827139] [0x00007ff8541e24c0] [info]  anysign for pc stop.
