[2023-07-19 16:46:38.988377] [0x00007ff8541e24c0] [info]  anysign for pc start
[2023-07-19 16:46:38.988582] [0x00007ff8541e24c0] [info]  privilege infomation : minjujeong
[2023-07-19 16:46:39.104518] [0x00007ff8541e24c0] [info]  anysign.no_tls_webcrypto_server : no tls / webcrypto socket
[2023-07-19 16:46:39.105602] [0x00007ff8541e24c0] [info]  dynamic assign no tls port : 55015
[2023-07-19 16:46:39.105809] [0x00007ff8541e24c0] [info]  anysign.tls_server : tls socket
[2023-07-19 16:46:39.112309] [0x00007ff8541e24c0] [info]  dynamic assign tls port : 55016
[2023-07-19 16:46:39.274623] [0x000070000096f000] [info]  error getting remote endpoint: system:22 (Invalid argument)
[2023-07-19 16:46:39.274586] [0x000070000096f000] [info]  handle_accept. remote info : unknown
[2023-07-19 16:46:39.274740] [0x0000700000869000] [info]  websocket.transfer.endpoint.handle_accepterror : 00000022, message : Invalid argument
[2023-07-19 16:46:39.274807] [0x000070000096f000] [info]  websocket handshake complete measurement point
[2023-07-19 16:46:39.274889] [0x0000700000869000] [info]  handle_async_shutdown error : 00000009, message : Bad file descriptor
[2023-07-19 16:46:39.274938] [0x0000700000869000] [info]  websocket.connection.handle_terminate error : 00000006, message : pass through from socket policy
[2023-07-19 16:46:39.274980] [0x0000700000869000] [info]  anysign.base_server.handle_fail
[2023-07-19 16:46:39.275007] [0x0000700000869000] [info]  handle_accept error : 00000003, message : underlying transport error
[2023-07-19 16:46:39.280728] [0x000070000096f000] [info]  handle_accept. remote info : 127.0.0.1:61257
[2023-07-19 16:46:39.280782] [0x000070000096f000] [info]  websocket handshake complete measurement point
[2023-07-19 16:46:39.293151] [0x000070000096f000] [info]  websocket handshake complete elapsed time : 12 ms
[2023-07-19 16:46:39.293216] [0x000070000096f000] [info]  anysign.base_server native origin : www.iros.go.kr
[2023-07-19 16:46:39.293233] [0x000070000096f000] [info]  anysign.base_server.handle_open index : 1, remote info : 127.0.0.1:61257
[2023-07-19 16:46:39.294663] [0x000070000096f000] [info]  websocket.connection.handle_read_frame complete recv frame data. opcode : 00000001
[2023-07-19 16:46:39.294732] [0x000070000096f000] [info]  anysign.base_server.jsonp_handle_input index : 1, data length : 9705
[2023-07-19 16:46:39.295479] [0x000070000096f000] [info]  anysign.base_server.native_create_by_websession native create (session:www.iros.go.kr,id:1,ref:1)
[2023-07-19 16:46:39.295536] [0x000070000096f000] [info]  native_check_version measurement point
[2023-07-19 16:46:39.295570] [0x000070000096f000] [info]  native_check_version ret : 00000000, elapsed time : 0 ms
[2023-07-19 16:46:39.295637] [0x000070000096f000] [info]  native_put_license_n measurement point
[2023-07-19 16:46:39.301326] [0x000070000096f000] [info]  native_put_license_n ret : 00000000, elapsed time : 5 ms
[2023-07-19 16:46:39.301426] [0x000070000096f000] [info]  native_put_license2_n measurement point
[2023-07-19 16:46:39.306291] [0x000070000096f000] [info]  native_put_license2_n ret : 00000000, elapsed time : 4 ms
[2023-07-19 16:46:39.306378] [0x000070000096f000] [info]  native_put_storage_n measurement point
[2023-07-19 16:46:39.306425] [0x000070000096f000] [info]  native_put_storage_n ret : 00000000, elapsed time : 0 ms
[2023-07-19 16:46:39.306463] [0x000070000096f000] [info]  native_put_language_n measurement point
[2023-07-19 16:46:39.306815] [0x000070000096f000] [info]  native_put_language_n ret : 00000000, elapsed time : 0 ms
[2023-07-19 16:46:39.306886] [0x000070000096f000] [info]  native_put_char_set_n measurement point
[2023-07-19 16:46:39.306932] [0x000070000096f000] [info]  native_put_char_set_n ret : 00000000, elapsed time : 0 ms
[2023-07-19 16:46:39.307000] [0x000070000096f000] [info]  native_put_proxy_usage_n measurement point
[2023-07-19 16:46:39.307039] [0x000070000096f000] [info]  native_put_proxy_usage_n ret : 00000000, elapsed time : 0 ms
[2023-07-19 16:46:39.307073] [0x000070000096f000] [info]  native_put_transkey_n measurement point
[2023-07-19 16:46:39.307135] [0x000070000096f000] [info]  native_put_transkey_n ret : 00000000, elapsed time : 0 ms
[2023-07-19 16:46:44.274927] [0x000070000096f000] [info]  transport.connection.handle_init_timeout
[2023-07-19 16:46:44.274998] [0x000070000096f000] [fatal]  websocket.connection.handle_transport_init error : 00000008, message : tls handshake failed
[2023-07-19 16:46:44.275046] [0x000070000096f000] [info]  anysign.base_server.handle_fail
[2023-07-19 16:46:44.275084] [0x000070000096f000] [info]  websocket handshake complete elapsed time : 5000 ms
[2023-07-19 16:46:47.628194] [0x000070000096f000] [info]  websocket.connection.handle_read_frame complete recv frame data. opcode : 00000001
[2023-07-19 16:46:47.628252] [0x000070000096f000] [info]  anysign.base_server.jsonp_handle_input index : 1, data length : 1870
[2023-07-19 16:46:47.628450] [0x000070000096f000] [info]  native_block_enc_2 measurement point
[2023-07-19 16:46:47.885512] [0x000070000096f000] [info]  native_block_enc_2 ret : 00000000, elapsed time : 257 ms
[2023-07-19 16:46:47.887355] [0x000070000096f000] [info]  websocket.connection.handle_read_frame complete recv frame data. opcode : 00000001
[2023-07-19 16:46:47.887411] [0x000070000096f000] [info]  anysign.base_server.jsonp_handle_input index : 1, data length : 421
[2023-07-19 16:46:47.887551] [0x000070000096f000] [info]  native_block_enc_2 measurement point
[2023-07-19 16:46:48.012161] [0x000070000096f000] [info]  native_block_enc_2 ret : 00000000, elapsed time : 124 ms
[2023-07-19 16:46:48.413581] [0x000070000096f000] [info]  handle_accept. remote info : 127.0.0.1:61265
[2023-07-19 16:46:48.413653] [0x000070000096f000] [info]  websocket handshake complete measurement point
[2023-07-19 16:46:48.429719] [0x000070000096f000] [info]  websocket handshake complete elapsed time : 16 ms
[2023-07-19 16:46:48.429780] [0x000070000096f000] [info]  anysign.base_server native origin : www.iros.go.kr
[2023-07-19 16:46:48.429806] [0x000070000096f000] [info]  anysign.base_server.handle_open index : 2, remote info : 127.0.0.1:61265
[2023-07-19 16:46:48.431610] [0x000070000096f000] [info]  websocket.connection.handle_read_frame complete recv frame data. opcode : 00000001
[2023-07-19 16:46:48.431679] [0x000070000096f000] [info]  anysign.base_server.jsonp_handle_input index : 2, data length : 9705
[2023-07-19 16:46:48.432437] [0x000070000096f000] [info]  anysign.base_server.native_create_by_websession native create (session:www.iros.go.kr,id:1,ref:2)
[2023-07-19 16:46:48.432486] [0x000070000096f000] [info]  native_check_version measurement point
[2023-07-19 16:46:48.432517] [0x000070000096f000] [info]  native_check_version ret : 00000000, elapsed time : 0 ms
[2023-07-19 16:46:48.432584] [0x000070000096f000] [info]  native_put_license_n measurement point
[2023-07-19 16:46:48.436614] [0x000070000096f000] [info]  native_put_license_n ret : 00000000, elapsed time : 4 ms
[2023-07-19 16:46:48.436671] [0x000070000096f000] [info]  native_put_license2_n measurement point
[2023-07-19 16:46:48.442014] [0x000070000096f000] [info]  native_put_license2_n ret : 00000000, elapsed time : 5 ms
[2023-07-19 16:46:48.442068] [0x000070000096f000] [info]  native_put_storage_n measurement point
[2023-07-19 16:46:48.442104] [0x000070000096f000] [info]  native_put_storage_n ret : 00000000, elapsed time : 0 ms
[2023-07-19 16:46:48.442135] [0x000070000096f000] [info]  native_put_language_n measurement point
[2023-07-19 16:46:48.442602] [0x000070000096f000] [info]  native_put_language_n ret : 00000000, elapsed time : 0 ms
[2023-07-19 16:46:48.442647] [0x000070000096f000] [info]  native_put_char_set_n measurement point
[2023-07-19 16:46:48.442682] [0x000070000096f000] [info]  native_put_char_set_n ret : 00000000, elapsed time : 0 ms
[2023-07-19 16:46:48.442713] [0x000070000096f000] [info]  native_put_proxy_usage_n measurement point
[2023-07-19 16:46:48.442745] [0x000070000096f000] [info]  native_put_proxy_usage_n ret : 00000000, elapsed time : 0 ms
[2023-07-19 16:46:48.442774] [0x000070000096f000] [info]  native_put_transkey_n measurement point
[2023-07-19 16:46:48.442828] [0x000070000096f000] [info]  native_put_transkey_n ret : 00000000, elapsed time : 0 ms
[2023-07-19 16:46:49.515538] [0x000070000096f000] [info]  websocket.connection.handle_read_frame complete recv frame data. opcode : 00000008
[2023-07-19 16:46:49.515717] [0x000070000096f000] [error]  websocket.connection.handle_read_frame error : 00000011, message : tls short read
[2023-07-19 16:46:49.515961] [0x000070000096f000] [info]  transport.connection.handle_async_write error : 336396495, message : protocol is shutdown
[2023-07-19 16:46:49.516058] [0x000070000096f000] [fatal]  websocket.connection.handle_write_frame error : 00000003, message : underlying transport error
[2023-07-19 16:46:49.516217] [0x000070000096f000] [info]  handle_async_shutdown error : 00000054, message : Connection reset by peer
[2023-07-19 16:46:49.516279] [0x000070000096f000] [info]  websocket.connection.handle_terminate error : 00000003, message : underlying transport error
[2023-07-19 16:46:49.516318] [0x000070000096f000] [info]  anysign.base_server.handle_close. session id : 1, session ref : 1
[2023-07-19 16:46:49.516340] [0x000070000096f000] [info]  native delete measurement point
[2023-07-19 16:46:49.516355] [0x000070000096f000] [info]  native delete elapsed time : 0 ms
[2023-07-19 16:46:49.516368] [0x000070000096f000] [info]  anysign.base_server.handle_close. index : 2, remote info : 127.0.0.1:61265
[2023-07-19 16:46:49.519433] [0x000070000096f000] [info]  websocket.connection.handle_read_frame complete recv frame data. opcode : 00000008
[2023-07-19 16:46:49.519544] [0x000070000096f000] [error]  websocket.connection.handle_read_frame error : 00000011, message : tls short read
[2023-07-19 16:46:49.519694] [0x000070000096f000] [info]  transport.connection.handle_async_write error : 336396495, message : protocol is shutdown
[2023-07-19 16:46:49.519728] [0x000070000096f000] [fatal]  websocket.connection.handle_write_frame error : 00000003, message : underlying transport error
[2023-07-19 16:46:49.519820] [0x000070000096f000] [info]  handle_async_shutdown error : 00000054, message : Connection reset by peer
[2023-07-19 16:46:49.519867] [0x000070000096f000] [info]  websocket.connection.handle_terminate error : 00000003, message : underlying transport error
[2023-07-19 16:46:49.519891] [0x000070000096f000] [info]  anysign.base_server.handle_close. session id : 1, session ref : 0
[2023-07-19 16:46:49.519911] [0x000070000096f000] [info]  native delete measurement point
[2023-07-19 16:46:49.519926] [0x000070000096f000] [info]  native delete elapsed time : 0 ms
[2023-07-19 16:46:49.519938] [0x000070000096f000] [info]  anysign.base_server.handle_close. index : 1, remote info : 127.0.0.1:61257
[2023-07-19 16:46:49.995333] [0x000070000096f000] [info]  handle_accept. remote info : 127.0.0.1:61269
[2023-07-19 16:46:49.995392] [0x000070000096f000] [info]  websocket handshake complete measurement point
[2023-07-19 16:46:50.009767] [0x000070000096f000] [info]  websocket handshake complete elapsed time : 14 ms
[2023-07-19 16:46:50.009827] [0x000070000096f000] [info]  anysign.base_server native origin : www.iros.go.kr
[2023-07-19 16:46:50.009844] [0x000070000096f000] [info]  anysign.base_server.handle_open index : 1, remote info : 127.0.0.1:61269
[2023-07-19 16:46:50.011264] [0x000070000096f000] [info]  websocket.connection.handle_read_frame complete recv frame data. opcode : 00000001
[2023-07-19 16:46:50.011317] [0x000070000096f000] [info]  anysign.base_server.jsonp_handle_input index : 1, data length : 9705
[2023-07-19 16:46:50.011966] [0x000070000096f000] [info]  anysign.base_server.native_create_by_websession native create (session:www.iros.go.kr,id:1,ref:1)
[2023-07-19 16:46:50.012008] [0x000070000096f000] [info]  native_check_version measurement point
[2023-07-19 16:46:50.012032] [0x000070000096f000] [info]  native_check_version ret : 00000000, elapsed time : 0 ms
[2023-07-19 16:46:50.012083] [0x000070000096f000] [info]  native_put_license_n measurement point
[2023-07-19 16:46:50.015553] [0x000070000096f000] [info]  native_put_license_n ret : 00000000, elapsed time : 3 ms
[2023-07-19 16:46:50.015599] [0x000070000096f000] [info]  native_put_license2_n measurement point
[2023-07-19 16:46:50.019005] [0x000070000096f000] [info]  native_put_license2_n ret : 00000000, elapsed time : 3 ms
[2023-07-19 16:46:50.019055] [0x000070000096f000] [info]  native_put_storage_n measurement point
[2023-07-19 16:46:50.019078] [0x000070000096f000] [info]  native_put_storage_n ret : 00000000, elapsed time : 0 ms
[2023-07-19 16:46:50.019097] [0x000070000096f000] [info]  native_put_language_n measurement point
[2023-07-19 16:46:50.019358] [0x000070000096f000] [info]  native_put_language_n ret : 00000000, elapsed time : 0 ms
[2023-07-19 16:46:50.019384] [0x000070000096f000] [info]  native_put_char_set_n measurement point
[2023-07-19 16:46:50.019409] [0x000070000096f000] [info]  native_put_char_set_n ret : 00000000, elapsed time : 0 ms
[2023-07-19 16:46:50.019428] [0x000070000096f000] [info]  native_put_proxy_usage_n measurement point
[2023-07-19 16:46:50.019446] [0x000070000096f000] [info]  native_put_proxy_usage_n ret : 00000000, elapsed time : 0 ms
[2023-07-19 16:46:50.019463] [0x000070000096f000] [info]  native_put_transkey_n measurement point
[2023-07-19 16:46:50.019480] [0x000070000096f000] [info]  native_put_transkey_n ret : 00000000, elapsed time : 0 ms
[2023-07-19 16:46:52.992128] [0x000070000096f000] [info]  websocket.connection.handle_read_frame complete recv frame data. opcode : 00000001
[2023-07-19 16:46:52.992187] [0x000070000096f000] [info]  anysign.base_server.jsonp_handle_input index : 1, data length : 735
[2023-07-19 16:46:52.992298] [0x000070000096f000] [info]  native_block_enc_2 measurement point
[2023-07-19 16:46:53.182077] [0x000070000096f000] [info]  native_block_enc_2 ret : 00000000, elapsed time : 189 ms
[2023-07-19 16:46:53.295453] [0x000070000096f000] [info]  websocket.connection.handle_read_frame complete recv frame data. opcode : 00000008
[2023-07-19 16:46:53.295557] [0x000070000096f000] [error]  websocket.connection.handle_read_frame error : 00000011, message : tls short read
[2023-07-19 16:46:53.295667] [0x000070000096f000] [info]  transport.connection.handle_async_write error : 336396495, message : protocol is shutdown
[2023-07-19 16:46:53.295703] [0x000070000096f000] [fatal]  websocket.connection.handle_write_frame error : 00000003, message : underlying transport error
[2023-07-19 16:46:53.295754] [0x000070000096f000] [info]  handle_async_shutdown error : 00000054, message : Connection reset by peer
[2023-07-19 16:46:53.295788] [0x000070000096f000] [info]  websocket.connection.handle_terminate error : 00000003, message : underlying transport error
[2023-07-19 16:46:53.295813] [0x000070000096f000] [info]  anysign.base_server.handle_close. session id : 1, session ref : 0
[2023-07-19 16:46:53.295836] [0x000070000096f000] [info]  native delete measurement point
[2023-07-19 16:46:53.295887] [0x000070000096f000] [info]  native delete elapsed time : 0 ms
[2023-07-19 16:46:53.295899] [0x000070000096f000] [info]  anysign.base_server.handle_close. index : 1, remote info : 127.0.0.1:61269
[2023-07-19 16:46:53.750523] [0x000070000096f000] [info]  handle_accept. remote info : 127.0.0.1:61275
[2023-07-19 16:46:53.750581] [0x000070000096f000] [info]  websocket handshake complete measurement point
[2023-07-19 16:46:53.765926] [0x000070000096f000] [info]  websocket handshake complete elapsed time : 15 ms
[2023-07-19 16:46:53.766004] [0x000070000096f000] [info]  anysign.base_server native origin : www.iros.go.kr
[2023-07-19 16:46:53.766020] [0x000070000096f000] [info]  anysign.base_server.handle_open index : 1, remote info : 127.0.0.1:61275
[2023-07-19 16:46:53.767584] [0x000070000096f000] [info]  websocket.connection.handle_read_frame complete recv frame data. opcode : 00000001
[2023-07-19 16:46:53.767647] [0x000070000096f000] [info]  anysign.base_server.jsonp_handle_input index : 1, data length : 9705
[2023-07-19 16:46:53.768236] [0x000070000096f000] [info]  anysign.base_server.native_create_by_websession native create (session:www.iros.go.kr,id:1,ref:1)
[2023-07-19 16:46:53.768275] [0x000070000096f000] [info]  native_check_version measurement point
[2023-07-19 16:46:53.768327] [0x000070000096f000] [info]  native_check_version ret : 00000000, elapsed time : 0 ms
[2023-07-19 16:46:53.768366] [0x000070000096f000] [info]  native_put_license_n measurement point
[2023-07-19 16:46:53.772294] [0x000070000096f000] [info]  native_put_license_n ret : 00000000, elapsed time : 3 ms
[2023-07-19 16:46:53.772353] [0x000070000096f000] [info]  native_put_license2_n measurement point
[2023-07-19 16:46:53.777364] [0x000070000096f000] [info]  native_put_license2_n ret : 00000000, elapsed time : 5 ms
[2023-07-19 16:46:53.777418] [0x000070000096f000] [info]  native_put_storage_n measurement point
[2023-07-19 16:46:53.777455] [0x000070000096f000] [info]  native_put_storage_n ret : 00000000, elapsed time : 0 ms
[2023-07-19 16:46:53.777487] [0x000070000096f000] [info]  native_put_language_n measurement point
[2023-07-19 16:46:53.777836] [0x000070000096f000] [info]  native_put_language_n ret : 00000000, elapsed time : 0 ms
[2023-07-19 16:46:53.777881] [0x000070000096f000] [info]  native_put_char_set_n measurement point
[2023-07-19 16:46:53.777916] [0x000070000096f000] [info]  native_put_char_set_n ret : 00000000, elapsed time : 0 ms
[2023-07-19 16:46:53.777946] [0x000070000096f000] [info]  native_put_proxy_usage_n measurement point
[2023-07-19 16:46:53.777978] [0x000070000096f000] [info]  native_put_proxy_usage_n ret : 00000000, elapsed time : 0 ms
[2023-07-19 16:46:53.778007] [0x000070000096f000] [info]  native_put_transkey_n measurement point
[2023-07-19 16:46:53.778038] [0x000070000096f000] [info]  native_put_transkey_n ret : 00000000, elapsed time : 0 ms
[2023-07-19 16:46:53.779088] [0x000070000096f000] [info]  websocket.connection.handle_read_frame complete recv frame data. opcode : 00000001
[2023-07-19 16:46:53.779148] [0x000070000096f000] [info]  anysign.base_server.jsonp_handle_input index : 1, data length : 403
[2023-07-19 16:46:53.779282] [0x000070000096f000] [info]  native_block_dec_ex measurement point
[2023-07-19 16:46:53.889691] [0x000070000096f000] [info]  native_block_dec_ex ret : 00000000, elapsed time : 110 ms
[2023-07-19 16:46:56.408117] [0x000070000096f000] [info]  websocket.connection.handle_read_frame complete recv frame data. opcode : 00000001
[2023-07-19 16:46:56.408203] [0x000070000096f000] [info]  anysign.base_server.jsonp_handle_input index : 1, data length : 872
[2023-07-19 16:46:56.408448] [0x000070000096f000] [info]  native_block_enc_2 measurement point
[2023-07-19 16:46:56.582832] [0x000070000096f000] [info]  native_block_enc_2 ret : 00000000, elapsed time : 174 ms
[2023-07-19 16:46:59.397309] [0x000070000096f000] [info]  handle_accept. remote info : 127.0.0.1:61285
[2023-07-19 16:46:59.397576] [0x000070000096f000] [info]  websocket handshake complete measurement point
[2023-07-19 16:46:59.410772] [0x000070000096f000] [info]  websocket handshake complete elapsed time : 13 ms
[2023-07-19 16:46:59.410840] [0x000070000096f000] [info]  anysign.base_server native origin : www.iros.go.kr
[2023-07-19 16:46:59.410861] [0x000070000096f000] [info]  anysign.base_server.handle_open index : 2, remote info : 127.0.0.1:61285
[2023-07-19 16:46:59.412538] [0x000070000096f000] [info]  websocket.connection.handle_read_frame complete recv frame data. opcode : 00000001
[2023-07-19 16:46:59.412658] [0x000070000096f000] [info]  anysign.base_server.jsonp_handle_input index : 2, data length : 9705
[2023-07-19 16:46:59.413317] [0x000070000096f000] [info]  anysign.base_server.native_create_by_websession native create (session:www.iros.go.kr,id:1,ref:2)
[2023-07-19 16:46:59.413377] [0x000070000096f000] [info]  native_check_version measurement point
[2023-07-19 16:46:59.413433] [0x000070000096f000] [info]  native_check_version ret : 00000000, elapsed time : 0 ms
[2023-07-19 16:46:59.413479] [0x000070000096f000] [info]  native_put_license_n measurement point
[2023-07-19 16:46:59.417259] [0x000070000096f000] [info]  native_put_license_n ret : 00000000, elapsed time : 3 ms
[2023-07-19 16:46:59.417454] [0x000070000096f000] [info]  native_put_license2_n measurement point
[2023-07-19 16:46:59.423140] [0x000070000096f000] [info]  native_put_license2_n ret : 00000000, elapsed time : 5 ms
[2023-07-19 16:46:59.423191] [0x000070000096f000] [info]  native_put_storage_n measurement point
[2023-07-19 16:46:59.423215] [0x000070000096f000] [info]  native_put_storage_n ret : 00000000, elapsed time : 0 ms
[2023-07-19 16:46:59.423234] [0x000070000096f000] [info]  native_put_language_n measurement point
[2023-07-19 16:46:59.423467] [0x000070000096f000] [info]  native_put_language_n ret : 00000000, elapsed time : 0 ms
[2023-07-19 16:46:59.423505] [0x000070000096f000] [info]  native_put_char_set_n measurement point
[2023-07-19 16:46:59.423538] [0x000070000096f000] [info]  native_put_char_set_n ret : 00000000, elapsed time : 0 ms
[2023-07-19 16:46:59.423568] [0x000070000096f000] [info]  native_put_proxy_usage_n measurement point
[2023-07-19 16:46:59.423598] [0x000070000096f000] [info]  native_put_proxy_usage_n ret : 00000000, elapsed time : 0 ms
[2023-07-19 16:46:59.423627] [0x000070000096f000] [info]  native_put_transkey_n measurement point
[2023-07-19 16:46:59.423662] [0x000070000096f000] [info]  native_put_transkey_n ret : 00000000, elapsed time : 0 ms
[2023-07-19 16:46:59.425601] [0x000070000096f000] [info]  websocket.connection.handle_read_frame complete recv frame data. opcode : 00000001
[2023-07-19 16:46:59.425653] [0x000070000096f000] [info]  anysign.base_server.jsonp_handle_input index : 2, data length : 29351
[2023-07-19 16:46:59.427148] [0x000070000096f000] [info]  native_block_dec_ex measurement point
[2023-07-19 16:46:59.536413] [0x000070000096f000] [info]  native_block_dec_ex ret : 00000000, elapsed time : 109 ms
[2023-07-19 16:46:59.563303] [0x000070000096f000] [info]  websocket.connection.handle_read_frame complete recv frame data. opcode : 00000001
[2023-07-19 16:46:59.563344] [0x000070000096f000] [info]  anysign.base_server.jsonp_handle_input index : 2, data length : 403
[2023-07-19 16:46:59.563424] [0x000070000096f000] [info]  native_block_dec_ex measurement point
[2023-07-19 16:46:59.722544] [0x000070000096f000] [info]  native_block_dec_ex ret : 00000000, elapsed time : 159 ms
[2023-07-19 16:47:10.645354] [0x000070000096f000] [info]  websocket.connection.handle_read_frame complete recv frame data. opcode : 00000008
[2023-07-19 16:47:10.645513] [0x000070000096f000] [error]  websocket.connection.handle_read_frame error : 00000011, message : tls short read
[2023-07-19 16:47:10.645682] [0x000070000096f000] [info]  transport.connection.handle_async_write error : 336396495, message : protocol is shutdown
[2023-07-19 16:47:10.645713] [0x000070000096f000] [fatal]  websocket.connection.handle_write_frame error : 00000003, message : underlying transport error
[2023-07-19 16:47:10.645783] [0x000070000096f000] [info]  handle_async_shutdown error : 00000054, message : Connection reset by peer
[2023-07-19 16:47:10.645826] [0x000070000096f000] [info]  websocket.connection.handle_terminate error : 00000003, message : underlying transport error
[2023-07-19 16:47:10.645870] [0x000070000096f000] [info]  anysign.base_server.handle_close. session id : 1, session ref : 1
[2023-07-19 16:47:10.645891] [0x000070000096f000] [info]  native delete measurement point
[2023-07-19 16:47:10.645903] [0x000070000096f000] [info]  native delete elapsed time : 0 ms
[2023-07-19 16:47:10.645914] [0x000070000096f000] [info]  anysign.base_server.handle_close. index : 2, remote info : 127.0.0.1:61285
[2023-07-19 16:47:19.723509] [0x000070000096f000] [info]  websocket.connection.handle_read_frame complete recv frame data. opcode : 00000001
[2023-07-19 16:47:19.723569] [0x000070000096f000] [info]  anysign.base_server.jsonp_handle_input index : 1, data length : 722
[2023-07-19 16:47:19.723666] [0x000070000096f000] [info]  native_block_enc_2 measurement point
[2023-07-19 16:47:19.864329] [0x000070000096f000] [info]  native_block_enc_2 ret : 00000000, elapsed time : 140 ms
[2023-07-19 16:47:20.008888] [0x000070000096f000] [info]  websocket.connection.handle_read_frame complete recv frame data. opcode : 00000008
[2023-07-19 16:47:20.009019] [0x000070000096f000] [error]  websocket.connection.handle_read_frame error : 00000011, message : tls short read
[2023-07-19 16:47:20.009148] [0x000070000096f000] [info]  transport.connection.handle_async_write error : 336396495, message : protocol is shutdown
[2023-07-19 16:47:20.009177] [0x000070000096f000] [fatal]  websocket.connection.handle_write_frame error : 00000003, message : underlying transport error
[2023-07-19 16:47:20.009233] [0x000070000096f000] [info]  handle_async_shutdown error : 00000054, message : Connection reset by peer
[2023-07-19 16:47:20.009262] [0x000070000096f000] [info]  websocket.connection.handle_terminate error : 00000003, message : underlying transport error
[2023-07-19 16:47:20.009286] [0x000070000096f000] [info]  anysign.base_server.handle_close. session id : 1, session ref : 0
[2023-07-19 16:47:20.009309] [0x000070000096f000] [info]  native delete measurement point
[2023-07-19 16:47:20.009329] [0x000070000096f000] [info]  native delete elapsed time : 0 ms
[2023-07-19 16:47:20.009342] [0x000070000096f000] [info]  anysign.base_server.handle_close. index : 1, remote info : 127.0.0.1:61275
[2023-07-19 16:47:25.055963] [0x000070000096f000] [info]  handle_accept. remote info : 127.0.0.1:61301
[2023-07-19 16:47:25.056020] [0x000070000096f000] [info]  websocket handshake complete measurement point
[2023-07-19 16:47:25.071623] [0x000070000096f000] [info]  websocket handshake complete elapsed time : 15 ms
[2023-07-19 16:47:25.071692] [0x000070000096f000] [info]  anysign.base_server native origin : www.iros.go.kr
[2023-07-19 16:47:25.071715] [0x000070000096f000] [info]  anysign.base_server.handle_open index : 1, remote info : 127.0.0.1:61301
[2023-07-19 16:47:25.073237] [0x000070000096f000] [info]  websocket.connection.handle_read_frame complete recv frame data. opcode : 00000001
[2023-07-19 16:47:25.073277] [0x000070000096f000] [info]  anysign.base_server.jsonp_handle_input index : 1, data length : 9705
[2023-07-19 16:47:25.073896] [0x000070000096f000] [info]  anysign.base_server.native_create_by_websession native create (session:www.iros.go.kr,id:1,ref:1)
[2023-07-19 16:47:25.073942] [0x000070000096f000] [info]  native_check_version measurement point
[2023-07-19 16:47:25.073971] [0x000070000096f000] [info]  native_check_version ret : 00000000, elapsed time : 0 ms
[2023-07-19 16:47:25.074029] [0x000070000096f000] [info]  native_put_license_n measurement point
[2023-07-19 16:47:25.077843] [0x000070000096f000] [info]  native_put_license_n ret : 00000000, elapsed time : 3 ms
[2023-07-19 16:47:25.077885] [0x000070000096f000] [info]  native_put_license2_n measurement point
[2023-07-19 16:47:25.081831] [0x000070000096f000] [info]  native_put_license2_n ret : 00000000, elapsed time : 3 ms
[2023-07-19 16:47:25.081926] [0x000070000096f000] [info]  native_put_storage_n measurement point
[2023-07-19 16:47:25.081972] [0x000070000096f000] [info]  native_put_storage_n ret : 00000000, elapsed time : 0 ms
[2023-07-19 16:47:25.082010] [0x000070000096f000] [info]  native_put_language_n measurement point
[2023-07-19 16:47:25.082349] [0x000070000096f000] [info]  native_put_language_n ret : 00000000, elapsed time : 0 ms
[2023-07-19 16:47:25.082441] [0x000070000096f000] [info]  native_put_char_set_n measurement point
[2023-07-19 16:47:25.082587] [0x000070000096f000] [info]  native_put_char_set_n ret : 00000000, elapsed time : 0 ms
[2023-07-19 16:47:25.082619] [0x000070000096f000] [info]  native_put_proxy_usage_n measurement point
[2023-07-19 16:47:25.082645] [0x000070000096f000] [info]  native_put_proxy_usage_n ret : 00000000, elapsed time : 0 ms
[2023-07-19 16:47:25.082673] [0x000070000096f000] [info]  native_put_transkey_n measurement point
[2023-07-19 16:47:25.082697] [0x000070000096f000] [info]  native_put_transkey_n ret : 00000000, elapsed time : 0 ms
[2023-07-19 16:47:35.780124] [0x000070000096f000] [info]  websocket.connection.handle_read_frame complete recv frame data. opcode : 00000008
[2023-07-19 16:47:35.780370] [0x000070000096f000] [error]  websocket.connection.handle_read_frame error : 00000011, message : tls short read
[2023-07-19 16:47:35.780552] [0x000070000096f000] [info]  transport.connection.handle_async_write error : 336396495, message : protocol is shutdown
[2023-07-19 16:47:35.780626] [0x000070000096f000] [fatal]  websocket.connection.handle_write_frame error : 00000003, message : underlying transport error
[2023-07-19 16:47:35.780696] [0x000070000096f000] [info]  handle_async_shutdown error : 00000054, message : Connection reset by peer
[2023-07-19 16:47:35.780750] [0x000070000096f000] [info]  websocket.connection.handle_terminate error : 00000003, message : underlying transport error
[2023-07-19 16:47:35.780777] [0x000070000096f000] [info]  anysign.base_server.handle_close. session id : 1, session ref : 0
[2023-07-19 16:47:35.780798] [0x000070000096f000] [info]  native delete measurement point
[2023-07-19 16:47:35.780873] [0x000070000096f000] [info]  native delete elapsed time : 0 ms
[2023-07-19 16:47:35.780935] [0x000070000096f000] [info]  anysign.base_server.handle_close. index : 1, remote info : 127.0.0.1:61301
[2023-07-19 16:48:07.232330] [0x00007ff8541e24c0] [info]  anysign.shutdown_session_strategy : begin server shutdown
[2023-07-19 16:48:07.232727] [0x00007ff8541e24c0] [info]  anysign for pc stop.
