[2023-07-12 13:09:33.677812] [0x00007ff8541e24c0] [info]  anysign for pc start
[2023-07-12 13:09:33.677998] [0x00007ff8541e24c0] [info]  privilege infomation : minjujeong
[2023-07-12 13:09:33.741968] [0x00007ff8541e24c0] [info]  anysign.no_tls_webcrypto_server : no tls / webcrypto socket
[2023-07-12 13:09:33.742540] [0x00007ff8541e24c0] [info]  dynamic assign no tls port : 55007
[2023-07-12 13:09:33.742654] [0x00007ff8541e24c0] [info]  anysign.tls_server : tls socket
[2023-07-12 13:09:33.746902] [0x00007ff8541e24c0] [info]  dynamic assign tls port : 55008
[2023-07-12 13:09:33.956049] [0x00007000095a8000] [info]  websocket.transfer.endpoint.handle_accepterror : 00000022, message : Invalid argument
[2023-07-12 13:09:33.956170] [0x00007000094a2000] [info]  websocket.transfer.endpoint.handle_accepterror : 00000022, message : Invalid argument
[2023-07-12 13:09:33.956229] [0x00007000095a8000] [info]  handle_accept error : 00000003, message : underlying transport error
[2023-07-12 13:09:33.956224] [0x00007000094a2000] [info]  handle_async_shutdown error : 00000009, message : Bad file descriptor
[2023-07-12 13:09:33.956281] [0x00007000094a2000] [info]  websocket.connection.handle_terminate error : 00000006, message : pass through from socket policy
[2023-07-12 13:09:33.956307] [0x00007000094a2000] [info]  anysign.base_server.handle_fail
[2023-07-12 13:09:33.956321] [0x00007000094a2000] [info]  handle_accept error : 00000003, message : underlying transport error
[2023-07-12 13:09:33.960720] [0x00007000095a8000] [info]  handle_async_shutdown error : 336462100, message : uninitialized
[2023-07-12 13:09:33.960813] [0x00007000095a8000] [info]  websocket.connection.handle_terminate error : 00000014, message : generic tls related error
[2023-07-12 13:09:33.960848] [0x00007000095a8000] [info]  anysign.base_server.handle_fail
[2023-07-12 13:09:33.960872] [0x00007000095a8000] [info]  handle_accept. remote info : 127.0.0.1:50517
[2023-07-12 13:09:33.960945] [0x00007000095a8000] [info]  websocket handshake complete measurement point
[2023-07-12 13:09:33.974355] [0x00007000095a8000] [info]  websocket handshake complete elapsed time : 13 ms
[2023-07-12 13:09:33.974425] [0x00007000095a8000] [info]  anysign.base_server native origin : www.ei.go.kr
[2023-07-12 13:09:33.974443] [0x00007000095a8000] [info]  anysign.base_server.handle_open index : 1, remote info : 127.0.0.1:50517
[2023-07-12 13:09:33.975995] [0x00007000095a8000] [info]  websocket.connection.handle_read_frame complete recv frame data. opcode : 00000001
[2023-07-12 13:09:33.976070] [0x00007000095a8000] [info]  anysign.base_server.jsonp_handle_input index : 1, data length : 5591
[2023-07-12 13:09:33.976516] [0x00007000095a8000] [info]  anysign.base_server.native_create_by_websession native create (session:www.ei.go.kr,id:1,ref:1)
[2023-07-12 13:09:33.976574] [0x00007000095a8000] [info]  native_check_version measurement point
[2023-07-12 13:09:33.976608] [0x00007000095a8000] [info]  native_check_version ret : 00000000, elapsed time : 0 ms
[2023-07-12 13:09:33.976657] [0x00007000095a8000] [info]  native_put_license_n measurement point
[2023-07-12 13:09:33.982767] [0x00007000095a8000] [info]  native_put_license_n ret : 00000000, elapsed time : 6 ms
[2023-07-12 13:09:33.982819] [0x00007000095a8000] [info]  native_put_storage_n measurement point
[2023-07-12 13:09:33.982845] [0x00007000095a8000] [info]  native_put_storage_n ret : 00000000, elapsed time : 0 ms
[2023-07-12 13:09:33.982865] [0x00007000095a8000] [info]  native_put_language_n measurement point
[2023-07-12 13:09:33.983099] [0x00007000095a8000] [info]  native_put_language_n ret : 00000000, elapsed time : 0 ms
[2023-07-12 13:09:33.983128] [0x00007000095a8000] [info]  native_put_char_set_n measurement point
[2023-07-12 13:09:33.983150] [0x00007000095a8000] [info]  native_put_char_set_n ret : 00000000, elapsed time : 0 ms
[2023-07-12 13:09:33.983170] [0x00007000095a8000] [info]  native_put_proxy_usage_n measurement point
[2023-07-12 13:09:33.983193] [0x00007000095a8000] [info]  native_put_proxy_usage_n ret : 00000000, elapsed time : 0 ms
[2023-07-12 13:09:33.983221] [0x00007000095a8000] [info]  native_put_transkey_n measurement point
[2023-07-12 13:09:33.983239] [0x00007000095a8000] [info]  native_put_transkey_n ret : 00000000, elapsed time : 0 ms
[2023-07-12 13:10:15.419590] [0x00007000095a8000] [info]  websocket.connection.handle_read_frame complete recv frame data. opcode : 00000008
[2023-07-12 13:10:15.419764] [0x00007000095a8000] [error]  websocket.connection.handle_read_frame error : 00000011, message : tls short read
[2023-07-12 13:10:15.420020] [0x00007000095a8000] [info]  transport.connection.handle_async_write error : 336396495, message : protocol is shutdown
[2023-07-12 13:10:15.420068] [0x00007000095a8000] [fatal]  websocket.connection.handle_write_frame error : 00000003, message : underlying transport error
[2023-07-12 13:10:15.420185] [0x00007000095a8000] [info]  handle_async_shutdown error : 00000054, message : Connection reset by peer
[2023-07-12 13:10:15.420243] [0x00007000095a8000] [info]  websocket.connection.handle_terminate error : 00000003, message : underlying transport error
[2023-07-12 13:10:15.420461] [0x00007000095a8000] [info]  anysign.base_server.handle_close. session id : 1, session ref : 0
[2023-07-12 13:10:15.420505] [0x00007000095a8000] [info]  native delete measurement point
[2023-07-12 13:10:15.420527] [0x00007000095a8000] [info]  native delete elapsed time : 0 ms
[2023-07-12 13:10:15.420551] [0x00007000095a8000] [info]  anysign.base_server.handle_close. index : 1, remote info : 127.0.0.1:50517
[2023-07-12 13:10:46.758024] [0x00007ff8541e24c0] [info]  anysign.shutdown_session_strategy : begin server shutdown
[2023-07-12 13:10:46.758413] [0x00007ff8541e24c0] [info]  anysign for pc stop.
